---------------------------------------------
8 ROUGE-1 Average_R: 0.17710 ( 95%-conf.int. 0.15607 - 0.20011)
8 ROUGE-1 Average_P: 0.22947 ( 95%-conf.int. 0.20462 - 0.25518)
8 ROUGE-1 Average_F: 0.19857 ( 95%-conf.int. 0.17616 - 0.22226)
.............................................
8 ROUGE-1 Eval D1001-A.M.100.A.8 R:0.25103 P:0.29327 F:0.27051
8 ROUGE-1 Eval D1002-A.M.100.A.8 R:0.20084 P:0.20690 F:0.20382
8 ROUGE-1 Eval D1003-A.M.100.A.8 R:0.18182 P:0.25610 F:0.21266
8 ROUGE-1 Eval D1004-A.M.100.A.8 R:0.23140 P:0.31818 F:0.26794
8 ROUGE-1 Eval D1005-A.M.100.A.8 R:0.07787 P:0.11585 F:0.09314
8 ROUGE-1 Eval D1006-A.M.100.A.8 R:0.14943 P:0.30469 F:0.20052
8 ROUGE-1 Eval D1007-A.M.100.B.8 R:0.29333 P:0.38372 F:0.33249
8 ROUGE-1 Eval D1008-A.M.100.B.8 R:0.13306 P:0.20625 F:0.16176
8 ROUGE-1 Eval D1009-A.M.100.B.8 R:0.19912 P:0.27439 F:0.23077
8 ROUGE-1 Eval D1010-A.M.100.B.8 R:0.20000 P:0.25510 F:0.22421
8 ROUGE-1 Eval D1011-A.M.100.C.8 R:0.18966 P:0.23404 F:0.20953
8 ROUGE-1 Eval D1012-A.M.100.C.8 R:0.18293 P:0.20089 F:0.19149
8 ROUGE-1 Eval D1013-A.M.100.C.8 R:0.19679 P:0.29167 F:0.23502
8 ROUGE-1 Eval D1014-A.M.100.C.8 R:0.10460 P:0.13021 F:0.11601
8 ROUGE-1 Eval D1015-A.M.100.C.8 R:0.05283 P:0.07778 F:0.06292
8 ROUGE-1 Eval D1016-A.M.100.C.8 R:0.18834 P:0.18750 F:0.18792
8 ROUGE-1 Eval D1017-A.M.100.D.8 R:0.11429 P:0.18421 F:0.14106
8 ROUGE-1 Eval D1018-A.M.100.D.8 R:0.14644 P:0.16509 F:0.15521
8 ROUGE-1 Eval D1019-A.M.100.D.8 R:0.21667 P:0.27660 F:0.24299
8 ROUGE-1 Eval D1020-A.M.100.D.8 R:0.19421 P:0.19583 F:0.19502
8 ROUGE-1 Eval D1021-A.M.100.D.8 R:0.06356 P:0.06944 F:0.06637
8 ROUGE-1 Eval D1022-A.M.100.D.8 R:0.30962 P:0.33636 F:0.32244
8 ROUGE-1 Eval D1023-A.M.100.E.8 R:0.21074 P:0.24519 F:0.22666
8 ROUGE-1 Eval D1024-A.M.100.E.8 R:0.08333 P:0.13889 F:0.10416
8 ROUGE-1 Eval D1025-A.M.100.E.8 R:0.19469 P:0.22917 F:0.21053
8 ROUGE-1 Eval D1026-A.M.100.E.8 R:0.08120 P:0.12500 F:0.09845
8 ROUGE-1 Eval D1027-A.M.100.E.8 R:0.32937 P:0.41500 F:0.36726
8 ROUGE-1 Eval D1028-A.M.100.E.8 R:0.17500 P:0.25610 F:0.20792
8 ROUGE-1 Eval D1029-A.M.100.F.8 R:0.17917 P:0.22872 F:0.20094
8 ROUGE-1 Eval D1030-A.M.100.F.8 R:0.09921 P:0.11574 F:0.10684
8 ROUGE-1 Eval D1031-A.M.100.F.8 R:0.11020 P:0.13500 F:0.12135
8 ROUGE-1 Eval D1032-A.M.100.F.8 R:0.26718 P:0.26923 F:0.26820
8 ROUGE-1 Eval D1033-A.M.100.F.8 R:0.28926 P:0.31250 F:0.30043
8 ROUGE-1 Eval D1034-A.M.100.F.8 R:0.04938 P:0.08571 F:0.06266
8 ROUGE-1 Eval D1035-A.M.100.G.8 R:0.16260 P:0.27027 F:0.20304
8 ROUGE-1 Eval D1036-A.M.100.G.8 R:0.06531 P:0.09756 F:0.07824
8 ROUGE-1 Eval D1037-A.M.100.G.8 R:0.18981 P:0.24405 F:0.21354
8 ROUGE-1 Eval D1038-A.M.100.G.8 R:0.14902 P:0.22093 F:0.17799
8 ROUGE-1 Eval D1039-A.M.100.G.8 R:0.20000 P:0.25000 F:0.22222
8 ROUGE-1 Eval D1040-A.M.100.G.8 R:0.26809 P:0.34239 F:0.30072
8 ROUGE-1 Eval D1041-A.M.100.H.8 R:0.14961 P:0.20213 F:0.17195
8 ROUGE-1 Eval D1042-A.M.100.H.8 R:0.13004 P:0.22656 F:0.16524
8 ROUGE-1 Eval D1043-A.M.100.H.8 R:0.18220 P:0.30714 F:0.22872
8 ROUGE-1 Eval D1044-A.M.100.H.8 R:0.12236 P:0.14216 F:0.13152
8 ROUGE-1 Eval D1045-A.M.100.H.8 R:0.34646 P:0.36066 F:0.35342
8 ROUGE-1 Eval D1046-A.M.100.H.8 R:0.25591 P:0.38690 F:0.30806
---------------------------------------------
8 ROUGE-2 Average_R: 0.03690 ( 95%-conf.int. 0.02914 - 0.04555)
8 ROUGE-2 Average_P: 0.04770 ( 95%-conf.int. 0.03802 - 0.05826)
8 ROUGE-2 Average_F: 0.04132 ( 95%-conf.int. 0.03278 - 0.05062)
.............................................
8 ROUGE-2 Eval D1001-A.M.100.A.8 R:0.05858 P:0.06863 F:0.06321
8 ROUGE-2 Eval D1002-A.M.100.A.8 R:0.03830 P:0.03947 F:0.03888
8 ROUGE-2 Eval D1003-A.M.100.A.8 R:0.03084 P:0.04375 F:0.03618
8 ROUGE-2 Eval D1004-A.M.100.A.8 R:0.05462 P:0.07558 F:0.06341
8 ROUGE-2 Eval D1005-A.M.100.A.8 R:0.00417 P:0.00625 F:0.00500
8 ROUGE-2 Eval D1006-A.M.100.A.8 R:0.04669 P:0.09677 F:0.06299
8 ROUGE-2 Eval D1007-A.M.100.B.8 R:0.06335 P:0.08333 F:0.07198
8 ROUGE-2 Eval D1008-A.M.100.B.8 R:0.00820 P:0.01282 F:0.01000
8 ROUGE-2 Eval D1009-A.M.100.B.8 R:0.04505 P:0.06250 F:0.05236
8 ROUGE-2 Eval D1010-A.M.100.B.8 R:0.04472 P:0.05729 F:0.05023
8 ROUGE-2 Eval D1011-A.M.100.C.8 R:0.04825 P:0.05978 F:0.05340
8 ROUGE-2 Eval D1012-A.M.100.C.8 R:0.02066 P:0.02273 F:0.02165
8 ROUGE-2 Eval D1013-A.M.100.C.8 R:0.08980 P:0.13415 F:0.10758
8 ROUGE-2 Eval D1014-A.M.100.C.8 R:0.01702 P:0.02128 F:0.01891
8 ROUGE-2 Eval D1015-A.M.100.C.8 R:0.00766 P:0.01136 F:0.00915
8 ROUGE-2 Eval D1016-A.M.100.C.8 R:0.02740 P:0.02727 F:0.02733
8 ROUGE-2 Eval D1017-A.M.100.D.8 R:0.03320 P:0.05405 F:0.04113
8 ROUGE-2 Eval D1018-A.M.100.D.8 R:0.04255 P:0.04808 F:0.04515
8 ROUGE-2 Eval D1019-A.M.100.D.8 R:0.03814 P:0.04891 F:0.04286
8 ROUGE-2 Eval D1020-A.M.100.D.8 R:0.02941 P:0.02966 F:0.02953
8 ROUGE-2 Eval D1021-A.M.100.D.8 R:0.00000 P:0.00000 F:0.00000
8 ROUGE-2 Eval D1022-A.M.100.D.8 R:0.14468 P:0.15741 F:0.15078
8 ROUGE-2 Eval D1023-A.M.100.E.8 R:0.03361 P:0.03922 F:0.03620
8 ROUGE-2 Eval D1024-A.M.100.E.8 R:0.00000 P:0.00000 F:0.00000
8 ROUGE-2 Eval D1025-A.M.100.E.8 R:0.02703 P:0.03191 F:0.02927
8 ROUGE-2 Eval D1026-A.M.100.E.8 R:0.01304 P:0.02027 F:0.01587
8 ROUGE-2 Eval D1027-A.M.100.E.8 R:0.09274 P:0.11735 F:0.10360
8 ROUGE-2 Eval D1028-A.M.100.E.8 R:0.03814 P:0.05625 F:0.04546
8 ROUGE-2 Eval D1029-A.M.100.F.8 R:0.04661 P:0.05978 F:0.05238
8 ROUGE-2 Eval D1030-A.M.100.F.8 R:0.00806 P:0.00943 F:0.00869
8 ROUGE-2 Eval D1031-A.M.100.F.8 R:0.01660 P:0.02041 F:0.01831
8 ROUGE-2 Eval D1032-A.M.100.F.8 R:0.05426 P:0.05469 F:0.05447
8 ROUGE-2 Eval D1033-A.M.100.F.8 R:0.07983 P:0.08636 F:0.08297
8 ROUGE-2 Eval D1034-A.M.100.F.8 R:0.00837 P:0.01471 F:0.01067
8 ROUGE-2 Eval D1035-A.M.100.G.8 R:0.05372 P:0.09028 F:0.06736
8 ROUGE-2 Eval D1036-A.M.100.G.8 R:0.00000 P:0.00000 F:0.00000
8 ROUGE-2 Eval D1037-A.M.100.G.8 R:0.01415 P:0.01829 F:0.01596
8 ROUGE-2 Eval D1038-A.M.100.G.8 R:0.02390 P:0.03571 F:0.02864
8 ROUGE-2 Eval D1039-A.M.100.G.8 R:0.05394 P:0.06771 F:0.06005
8 ROUGE-2 Eval D1040-A.M.100.G.8 R:0.05195 P:0.06667 F:0.05840
8 ROUGE-2 Eval D1041-A.M.100.H.8 R:0.03600 P:0.04891 F:0.04147
8 ROUGE-2 Eval D1042-A.M.100.H.8 R:0.00000 P:0.00000 F:0.00000
8 ROUGE-2 Eval D1043-A.M.100.H.8 R:0.01724 P:0.02941 F:0.02174
8 ROUGE-2 Eval D1044-A.M.100.H.8 R:0.03004 P:0.03500 F:0.03233
8 ROUGE-2 Eval D1045-A.M.100.H.8 R:0.06800 P:0.07083 F:0.06939
8 ROUGE-2 Eval D1046-A.M.100.H.8 R:0.03600 P:0.05488 F:0.04348
---------------------------------------------
8 ROUGE-3 Average_R: 0.01073 ( 95%-conf.int. 0.00724 - 0.01466)
8 ROUGE-3 Average_P: 0.01398 ( 95%-conf.int. 0.00945 - 0.01919)
8 ROUGE-3 Average_F: 0.01203 ( 95%-conf.int. 0.00811 - 0.01629)
.............................................
8 ROUGE-3 Eval D1001-A.M.100.A.8 R:0.02553 P:0.03000 F:0.02759
8 ROUGE-3 Eval D1002-A.M.100.A.8 R:0.01299 P:0.01339 F:0.01319
8 ROUGE-3 Eval D1003-A.M.100.A.8 R:0.00000 P:0.00000 F:0.00000
8 ROUGE-3 Eval D1004-A.M.100.A.8 R:0.02564 P:0.03571 F:0.02985
8 ROUGE-3 Eval D1005-A.M.100.A.8 R:0.00000 P:0.00000 F:0.00000
8 ROUGE-3 Eval D1006-A.M.100.A.8 R:0.02767 P:0.05833 F:0.03753
8 ROUGE-3 Eval D1007-A.M.100.B.8 R:0.01382 P:0.01829 F:0.01574
8 ROUGE-3 Eval D1008-A.M.100.B.8 R:0.00000 P:0.00000 F:0.00000
8 ROUGE-3 Eval D1009-A.M.100.B.8 R:0.00459 P:0.00641 F:0.00535
8 ROUGE-3 Eval D1010-A.M.100.B.8 R:0.01653 P:0.02128 F:0.01861
8 ROUGE-3 Eval D1011-A.M.100.C.8 R:0.00000 P:0.00000 F:0.00000
8 ROUGE-3 Eval D1012-A.M.100.C.8 R:0.00420 P:0.00463 F:0.00440
8 ROUGE-3 Eval D1013-A.M.100.C.8 R:0.03320 P:0.05000 F:0.03990
8 ROUGE-3 Eval D1014-A.M.100.C.8 R:0.01299 P:0.01630 F:0.01446
8 ROUGE-3 Eval D1015-A.M.100.C.8 R:0.00000 P:0.00000 F:0.00000
8 ROUGE-3 Eval D1016-A.M.100.C.8 R:0.00465 P:0.00463 F:0.00464
8 ROUGE-3 Eval D1017-A.M.100.D.8 R:0.00000 P:0.00000 F:0.00000
8 ROUGE-3 Eval D1018-A.M.100.D.8 R:0.01732 P:0.01961 F:0.01839
8 ROUGE-3 Eval D1019-A.M.100.D.8 R:0.00000 P:0.00000 F:0.00000
8 ROUGE-3 Eval D1020-A.M.100.D.8 R:0.00427 P:0.00431 F:0.00429
8 ROUGE-3 Eval D1021-A.M.100.D.8 R:0.00000 P:0.00000 F:0.00000
8 ROUGE-3 Eval D1022-A.M.100.D.8 R:0.06061 P:0.06604 F:0.06321
8 ROUGE-3 Eval D1023-A.M.100.E.8 R:0.00855 P:0.01000 F:0.00922
8 ROUGE-3 Eval D1024-A.M.100.E.8 R:0.00000 P:0.00000 F:0.00000
8 ROUGE-3 Eval D1025-A.M.100.E.8 R:0.00459 P:0.00543 F:0.00497
8 ROUGE-3 Eval D1026-A.M.100.E.8 R:0.00442 P:0.00694 F:0.00540
8 ROUGE-3 Eval D1027-A.M.100.E.8 R:0.01230 P:0.01562 F:0.01376
8 ROUGE-3 Eval D1028-A.M.100.E.8 R:0.01724 P:0.02564 F:0.02062
8 ROUGE-3 Eval D1029-A.M.100.F.8 R:0.00862 P:0.01111 F:0.00971
8 ROUGE-3 Eval D1030-A.M.100.F.8 R:0.00000 P:0.00000 F:0.00000
8 ROUGE-3 Eval D1031-A.M.100.F.8 R:0.00422 P:0.00521 F:0.00466
8 ROUGE-3 Eval D1032-A.M.100.F.8 R:0.01969 P:0.01984 F:0.01976
8 ROUGE-3 Eval D1033-A.M.100.F.8 R:0.04274 P:0.04630 F:0.04445
8 ROUGE-3 Eval D1034-A.M.100.F.8 R:0.00426 P:0.00758 F:0.00545
8 ROUGE-3 Eval D1035-A.M.100.G.8 R:0.02521 P:0.04286 F:0.03175
8 ROUGE-3 Eval D1036-A.M.100.G.8 R:0.00000 P:0.00000 F:0.00000
8 ROUGE-3 Eval D1037-A.M.100.G.8 R:0.00000 P:0.00000 F:0.00000
8 ROUGE-3 Eval D1038-A.M.100.G.8 R:0.00405 P:0.00610 F:0.00487
8 ROUGE-3 Eval D1039-A.M.100.G.8 R:0.00844 P:0.01064 F:0.00941
8 ROUGE-3 Eval D1040-A.M.100.G.8 R:0.01762 P:0.02273 F:0.01985
8 ROUGE-3 Eval D1041-A.M.100.H.8 R:0.00813 P:0.01111 F:0.00939
8 ROUGE-3 Eval D1042-A.M.100.H.8 R:0.00000 P:0.00000 F:0.00000
8 ROUGE-3 Eval D1043-A.M.100.H.8 R:0.00000 P:0.00000 F:0.00000
8 ROUGE-3 Eval D1044-A.M.100.H.8 R:0.01747 P:0.02041 F:0.01883
8 ROUGE-3 Eval D1045-A.M.100.H.8 R:0.01626 P:0.01695 F:0.01660
8 ROUGE-3 Eval D1046-A.M.100.H.8 R:0.00407 P:0.00625 F:0.00493
---------------------------------------------
8 ROUGE-4 Average_R: 0.00303 ( 95%-conf.int. 0.00140 - 0.00499)
8 ROUGE-4 Average_P: 0.00429 ( 95%-conf.int. 0.00194 - 0.00722)
8 ROUGE-4 Average_F: 0.00350 ( 95%-conf.int. 0.00161 - 0.00580)
.............................................
8 ROUGE-4 Eval D1001-A.M.100.A.8 R:0.00433 P:0.00510 F:0.00468
8 ROUGE-4 Eval D1002-A.M.100.A.8 R:0.00000 P:0.00000 F:0.00000
8 ROUGE-4 Eval D1003-A.M.100.A.8 R:0.00000 P:0.00000 F:0.00000
8 ROUGE-4 Eval D1004-A.M.100.A.8 R:0.01304 P:0.01829 F:0.01523
8 ROUGE-4 Eval D1005-A.M.100.A.8 R:0.00000 P:0.00000 F:0.00000
8 ROUGE-4 Eval D1006-A.M.100.A.8 R:0.01606 P:0.03448 F:0.02191
8 ROUGE-4 Eval D1007-A.M.100.B.8 R:0.00000 P:0.00000 F:0.00000
8 ROUGE-4 Eval D1008-A.M.100.B.8 R:0.00000 P:0.00000 F:0.00000
8 ROUGE-4 Eval D1009-A.M.100.B.8 R:0.00000 P:0.00000 F:0.00000
8 ROUGE-4 Eval D1010-A.M.100.B.8 R:0.00000 P:0.00000 F:0.00000
8 ROUGE-4 Eval D1011-A.M.100.C.8 R:0.00000 P:0.00000 F:0.00000
8 ROUGE-4 Eval D1012-A.M.100.C.8 R:0.00000 P:0.00000 F:0.00000
8 ROUGE-4 Eval D1013-A.M.100.C.8 R:0.01266 P:0.01923 F:0.01527
8 ROUGE-4 Eval D1014-A.M.100.C.8 R:0.00881 P:0.01111 F:0.00983
8 ROUGE-4 Eval D1015-A.M.100.C.8 R:0.00000 P:0.00000 F:0.00000
8 ROUGE-4 Eval D1016-A.M.100.C.8 R:0.00000 P:0.00000 F:0.00000
8 ROUGE-4 Eval D1017-A.M.100.D.8 R:0.00000 P:0.00000 F:0.00000
8 ROUGE-4 Eval D1018-A.M.100.D.8 R:0.00000 P:0.00000 F:0.00000
8 ROUGE-4 Eval D1019-A.M.100.D.8 R:0.00000 P:0.00000 F:0.00000
8 ROUGE-4 Eval D1020-A.M.100.D.8 R:0.00000 P:0.00000 F:0.00000
8 ROUGE-4 Eval D1021-A.M.100.D.8 R:0.00000 P:0.00000 F:0.00000
8 ROUGE-4 Eval D1022-A.M.100.D.8 R:0.02203 P:0.02404 F:0.02299
8 ROUGE-4 Eval D1023-A.M.100.E.8 R:0.00000 P:0.00000 F:0.00000
8 ROUGE-4 Eval D1024-A.M.100.E.8 R:0.00000 P:0.00000 F:0.00000
8 ROUGE-4 Eval D1025-A.M.100.E.8 R:0.00000 P:0.00000 F:0.00000
8 ROUGE-4 Eval D1026-A.M.100.E.8 R:0.00000 P:0.00000 F:0.00000
8 ROUGE-4 Eval D1027-A.M.100.E.8 R:0.00000 P:0.00000 F:0.00000
8 ROUGE-4 Eval D1028-A.M.100.E.8 R:0.00439 P:0.00658 F:0.00527
8 ROUGE-4 Eval D1029-A.M.100.F.8 R:0.00000 P:0.00000 F:0.00000
8 ROUGE-4 Eval D1030-A.M.100.F.8 R:0.00000 P:0.00000 F:0.00000
8 ROUGE-4 Eval D1031-A.M.100.F.8 R:0.00000 P:0.00000 F:0.00000
8 ROUGE-4 Eval D1032-A.M.100.F.8 R:0.00000 P:0.00000 F:0.00000
8 ROUGE-4 Eval D1033-A.M.100.F.8 R:0.01739 P:0.01887 F:0.01810
8 ROUGE-4 Eval D1034-A.M.100.F.8 R:0.00000 P:0.00000 F:0.00000
8 ROUGE-4 Eval D1035-A.M.100.G.8 R:0.02137 P:0.03676 F:0.02703
8 ROUGE-4 Eval D1036-A.M.100.G.8 R:0.00000 P:0.00000 F:0.00000
8 ROUGE-4 Eval D1037-A.M.100.G.8 R:0.00000 P:0.00000 F:0.00000
8 ROUGE-4 Eval D1038-A.M.100.G.8 R:0.00000 P:0.00000 F:0.00000
8 ROUGE-4 Eval D1039-A.M.100.G.8 R:0.00429 P:0.00543 F:0.00479
8 ROUGE-4 Eval D1040-A.M.100.G.8 R:0.00000 P:0.00000 F:0.00000
8 ROUGE-4 Eval D1041-A.M.100.H.8 R:0.00000 P:0.00000 F:0.00000
8 ROUGE-4 Eval D1042-A.M.100.H.8 R:0.00000 P:0.00000 F:0.00000
8 ROUGE-4 Eval D1043-A.M.100.H.8 R:0.00000 P:0.00000 F:0.00000
8 ROUGE-4 Eval D1044-A.M.100.H.8 R:0.00444 P:0.00521 F:0.00479
8 ROUGE-4 Eval D1045-A.M.100.H.8 R:0.00826 P:0.00862 F:0.00844
8 ROUGE-4 Eval D1046-A.M.100.H.8 R:0.00000 P:0.00000 F:0.00000
