---------------------------------------------
8 ROUGE-1 Average_R: 0.23441 ( 95%-conf.int. 0.21616 - 0.25254)
8 ROUGE-1 Average_P: 0.30199 ( 95%-conf.int. 0.27993 - 0.32532)
8 ROUGE-1 Average_F: 0.26228 ( 95%-conf.int. 0.24375 - 0.28095)
.............................................
8 ROUGE-1 Eval D1001-A.M.100.A.8 R:0.18930 P:0.24468 F:0.21346
8 ROUGE-1 Eval D1002-A.M.100.A.8 R:0.28033 P:0.35638 F:0.31381
8 ROUGE-1 Eval D1003-A.M.100.A.8 R:0.17316 P:0.25000 F:0.20460
8 ROUGE-1 Eval D1004-A.M.100.A.8 R:0.27273 P:0.31731 F:0.29334
8 ROUGE-1 Eval D1005-A.M.100.A.8 R:0.23770 P:0.39189 F:0.29591
8 ROUGE-1 Eval D1006-A.M.100.A.8 R:0.29119 P:0.39583 F:0.33554
8 ROUGE-1 Eval D1007-A.M.100.B.8 R:0.25333 P:0.32386 F:0.28429
8 ROUGE-1 Eval D1008-A.M.100.B.8 R:0.19758 P:0.29878 F:0.23786
8 ROUGE-1 Eval D1009-A.M.100.B.8 R:0.34513 P:0.31967 F:0.33191
8 ROUGE-1 Eval D1010-A.M.100.B.8 R:0.22000 P:0.26961 F:0.24229
8 ROUGE-1 Eval D1011-A.M.100.C.8 R:0.23276 P:0.32927 F:0.27273
8 ROUGE-1 Eval D1012-A.M.100.C.8 R:0.19106 P:0.34559 F:0.24608
8 ROUGE-1 Eval D1013-A.M.100.C.8 R:0.17671 P:0.24444 F:0.20513
8 ROUGE-1 Eval D1014-A.M.100.C.8 R:0.17992 P:0.22396 F:0.19954
8 ROUGE-1 Eval D1015-A.M.100.C.8 R:0.32075 P:0.36017 F:0.33932
8 ROUGE-1 Eval D1016-A.M.100.C.8 R:0.34529 P:0.53472 F:0.41962
8 ROUGE-1 Eval D1017-A.M.100.D.8 R:0.22449 P:0.25943 F:0.24070
8 ROUGE-1 Eval D1018-A.M.100.D.8 R:0.27197 P:0.38690 F:0.31941
8 ROUGE-1 Eval D1019-A.M.100.D.8 R:0.26250 P:0.35000 F:0.30000
8 ROUGE-1 Eval D1020-A.M.100.D.8 R:0.21488 P:0.30952 F:0.25366
8 ROUGE-1 Eval D1021-A.M.100.D.8 R:0.12288 P:0.15426 F:0.13679
8 ROUGE-1 Eval D1022-A.M.100.D.8 R:0.28870 P:0.29237 F:0.29052
8 ROUGE-1 Eval D1023-A.M.100.E.8 R:0.17769 P:0.25595 F:0.20976
8 ROUGE-1 Eval D1024-A.M.100.E.8 R:0.15000 P:0.21951 F:0.17822
8 ROUGE-1 Eval D1025-A.M.100.E.8 R:0.27434 P:0.43056 F:0.33514
8 ROUGE-1 Eval D1026-A.M.100.E.8 R:0.14530 P:0.19318 F:0.16585
8 ROUGE-1 Eval D1027-A.M.100.E.8 R:0.34524 P:0.36864 F:0.35656
8 ROUGE-1 Eval D1028-A.M.100.E.8 R:0.30833 P:0.38542 F:0.34259
8 ROUGE-1 Eval D1029-A.M.100.F.8 R:0.25000 P:0.27778 F:0.26316
8 ROUGE-1 Eval D1030-A.M.100.F.8 R:0.15873 P:0.18519 F:0.17094
8 ROUGE-1 Eval D1031-A.M.100.F.8 R:0.20000 P:0.26064 F:0.22633
8 ROUGE-1 Eval D1032-A.M.100.F.8 R:0.27481 P:0.39130 F:0.32287
8 ROUGE-1 Eval D1033-A.M.100.F.8 R:0.31405 P:0.28358 F:0.29804
8 ROUGE-1 Eval D1034-A.M.100.F.8 R:0.11934 P:0.13182 F:0.12527
8 ROUGE-1 Eval D1035-A.M.100.G.8 R:0.20732 P:0.35417 F:0.26154
8 ROUGE-1 Eval D1036-A.M.100.G.8 R:0.20408 P:0.25510 F:0.22676
8 ROUGE-1 Eval D1037-A.M.100.G.8 R:0.25463 P:0.28646 F:0.26961
8 ROUGE-1 Eval D1038-A.M.100.G.8 R:0.12941 P:0.21711 F:0.16216
8 ROUGE-1 Eval D1039-A.M.100.G.8 R:0.35918 P:0.41509 F:0.38512
8 ROUGE-1 Eval D1040-A.M.100.G.8 R:0.20426 P:0.27907 F:0.23588
8 ROUGE-1 Eval D1041-A.M.100.H.8 R:0.15354 P:0.26351 F:0.19403
8 ROUGE-1 Eval D1042-A.M.100.H.8 R:0.23767 P:0.28804 F:0.26044
8 ROUGE-1 Eval D1043-A.M.100.H.8 R:0.22458 P:0.29444 F:0.25481
8 ROUGE-1 Eval D1044-A.M.100.H.8 R:0.19409 P:0.23469 F:0.21247
8 ROUGE-1 Eval D1045-A.M.100.H.8 R:0.32283 P:0.33065 F:0.32669
8 ROUGE-1 Eval D1046-A.M.100.H.8 R:0.29528 P:0.34091 F:0.31646
---------------------------------------------
8 ROUGE-2 Average_R: 0.05774 ( 95%-conf.int. 0.04823 - 0.06752)
8 ROUGE-2 Average_P: 0.07412 ( 95%-conf.int. 0.06274 - 0.08555)
8 ROUGE-2 Average_F: 0.06445 ( 95%-conf.int. 0.05423 - 0.07443)
.............................................
8 ROUGE-2 Eval D1001-A.M.100.A.8 R:0.03347 P:0.04348 F:0.03782
8 ROUGE-2 Eval D1002-A.M.100.A.8 R:0.11064 P:0.14130 F:0.12410
8 ROUGE-2 Eval D1003-A.M.100.A.8 R:0.03084 P:0.04487 F:0.03656
8 ROUGE-2 Eval D1004-A.M.100.A.8 R:0.05882 P:0.06863 F:0.06335
8 ROUGE-2 Eval D1005-A.M.100.A.8 R:0.03750 P:0.06250 F:0.04687
8 ROUGE-2 Eval D1006-A.M.100.A.8 R:0.05837 P:0.07979 F:0.06742
8 ROUGE-2 Eval D1007-A.M.100.B.8 R:0.05882 P:0.07558 F:0.06615
8 ROUGE-2 Eval D1008-A.M.100.B.8 R:0.03689 P:0.05625 F:0.04456
8 ROUGE-2 Eval D1009-A.M.100.B.8 R:0.10360 P:0.09583 F:0.09956
8 ROUGE-2 Eval D1010-A.M.100.B.8 R:0.05285 P:0.06500 F:0.05830
8 ROUGE-2 Eval D1011-A.M.100.C.8 R:0.07018 P:0.10000 F:0.08248
8 ROUGE-2 Eval D1012-A.M.100.C.8 R:0.01653 P:0.03030 F:0.02139
8 ROUGE-2 Eval D1013-A.M.100.C.8 R:0.04898 P:0.06818 F:0.05701
8 ROUGE-2 Eval D1014-A.M.100.C.8 R:0.01277 P:0.01596 F:0.01419
8 ROUGE-2 Eval D1015-A.M.100.C.8 R:0.11494 P:0.12931 F:0.12170
8 ROUGE-2 Eval D1016-A.M.100.C.8 R:0.10502 P:0.16429 F:0.12813
8 ROUGE-2 Eval D1017-A.M.100.D.8 R:0.05809 P:0.06731 F:0.06236
8 ROUGE-2 Eval D1018-A.M.100.D.8 R:0.09362 P:0.13415 F:0.11028
8 ROUGE-2 Eval D1019-A.M.100.D.8 R:0.03814 P:0.05114 F:0.04369
8 ROUGE-2 Eval D1020-A.M.100.D.8 R:0.05042 P:0.07317 F:0.05970
8 ROUGE-2 Eval D1021-A.M.100.D.8 R:0.00862 P:0.01087 F:0.00962
8 ROUGE-2 Eval D1022-A.M.100.D.8 R:0.07234 P:0.07328 F:0.07281
8 ROUGE-2 Eval D1023-A.M.100.E.8 R:0.00420 P:0.00610 F:0.00497
8 ROUGE-2 Eval D1024-A.M.100.E.8 R:0.03390 P:0.05000 F:0.04041
8 ROUGE-2 Eval D1025-A.M.100.E.8 R:0.11261 P:0.17857 F:0.13812
8 ROUGE-2 Eval D1026-A.M.100.E.8 R:0.02174 P:0.02907 F:0.02488
8 ROUGE-2 Eval D1027-A.M.100.E.8 R:0.12903 P:0.13793 F:0.13333
8 ROUGE-2 Eval D1028-A.M.100.E.8 R:0.06356 P:0.07979 F:0.07076
8 ROUGE-2 Eval D1029-A.M.100.F.8 R:0.05508 P:0.06132 F:0.05803
8 ROUGE-2 Eval D1030-A.M.100.F.8 R:0.02016 P:0.02358 F:0.02174
8 ROUGE-2 Eval D1031-A.M.100.F.8 R:0.03734 P:0.04891 F:0.04235
8 ROUGE-2 Eval D1032-A.M.100.F.8 R:0.06977 P:0.10000 F:0.08219
8 ROUGE-2 Eval D1033-A.M.100.F.8 R:0.11345 P:0.10227 F:0.10757
8 ROUGE-2 Eval D1034-A.M.100.F.8 R:0.01255 P:0.01389 F:0.01319
8 ROUGE-2 Eval D1035-A.M.100.G.8 R:0.05785 P:0.10000 F:0.07330
8 ROUGE-2 Eval D1036-A.M.100.G.8 R:0.02490 P:0.03125 F:0.02772
8 ROUGE-2 Eval D1037-A.M.100.G.8 R:0.05660 P:0.06383 F:0.06000
8 ROUGE-2 Eval D1038-A.M.100.G.8 R:0.03187 P:0.05405 F:0.04010
8 ROUGE-2 Eval D1039-A.M.100.G.8 R:0.13278 P:0.15385 F:0.14254
8 ROUGE-2 Eval D1040-A.M.100.G.8 R:0.03030 P:0.04167 F:0.03509
8 ROUGE-2 Eval D1041-A.M.100.H.8 R:0.05600 P:0.09722 F:0.07107
8 ROUGE-2 Eval D1042-A.M.100.H.8 R:0.06393 P:0.07778 F:0.07018
8 ROUGE-2 Eval D1043-A.M.100.H.8 R:0.08621 P:0.11364 F:0.09804
8 ROUGE-2 Eval D1044-A.M.100.H.8 R:0.03004 P:0.03646 F:0.03294
8 ROUGE-2 Eval D1045-A.M.100.H.8 R:0.07600 P:0.07787 F:0.07692
8 ROUGE-2 Eval D1046-A.M.100.H.8 R:0.06800 P:0.07870 F:0.07296
---------------------------------------------
8 ROUGE-3 Average_R: 0.01629 ( 95%-conf.int. 0.01147 - 0.02170)
8 ROUGE-3 Average_P: 0.02085 ( 95%-conf.int. 0.01486 - 0.02768)
8 ROUGE-3 Average_F: 0.01813 ( 95%-conf.int. 0.01280 - 0.02414)
.............................................
8 ROUGE-3 Eval D1001-A.M.100.A.8 R:0.00000 P:0.00000 F:0.00000
8 ROUGE-3 Eval D1002-A.M.100.A.8 R:0.04329 P:0.05556 F:0.04866
8 ROUGE-3 Eval D1003-A.M.100.A.8 R:0.00000 P:0.00000 F:0.00000
8 ROUGE-3 Eval D1004-A.M.100.A.8 R:0.01282 P:0.01500 F:0.01382
8 ROUGE-3 Eval D1005-A.M.100.A.8 R:0.01271 P:0.02143 F:0.01596
8 ROUGE-3 Eval D1006-A.M.100.A.8 R:0.01976 P:0.02717 F:0.02288
8 ROUGE-3 Eval D1007-A.M.100.B.8 R:0.00922 P:0.01190 F:0.01039
8 ROUGE-3 Eval D1008-A.M.100.B.8 R:0.00417 P:0.00641 F:0.00505
8 ROUGE-3 Eval D1009-A.M.100.B.8 R:0.02752 P:0.02542 F:0.02643
8 ROUGE-3 Eval D1010-A.M.100.B.8 R:0.01653 P:0.02041 F:0.01827
8 ROUGE-3 Eval D1011-A.M.100.C.8 R:0.01786 P:0.02564 F:0.02105
8 ROUGE-3 Eval D1012-A.M.100.C.8 R:0.00420 P:0.00781 F:0.00546
8 ROUGE-3 Eval D1013-A.M.100.C.8 R:0.00415 P:0.00581 F:0.00484
8 ROUGE-3 Eval D1014-A.M.100.C.8 R:0.00000 P:0.00000 F:0.00000
8 ROUGE-3 Eval D1015-A.M.100.C.8 R:0.05058 P:0.05702 F:0.05361
8 ROUGE-3 Eval D1016-A.M.100.C.8 R:0.03256 P:0.05147 F:0.03989
8 ROUGE-3 Eval D1017-A.M.100.D.8 R:0.00844 P:0.00980 F:0.00907
8 ROUGE-3 Eval D1018-A.M.100.D.8 R:0.04329 P:0.06250 F:0.05115
8 ROUGE-3 Eval D1019-A.M.100.D.8 R:0.00431 P:0.00581 F:0.00495
8 ROUGE-3 Eval D1020-A.M.100.D.8 R:0.00855 P:0.01250 F:0.01015
8 ROUGE-3 Eval D1021-A.M.100.D.8 R:0.00439 P:0.00556 F:0.00491
8 ROUGE-3 Eval D1022-A.M.100.D.8 R:0.03896 P:0.03947 F:0.03921
8 ROUGE-3 Eval D1023-A.M.100.E.8 R:0.00000 P:0.00000 F:0.00000
8 ROUGE-3 Eval D1024-A.M.100.E.8 R:0.00000 P:0.00000 F:0.00000
8 ROUGE-3 Eval D1025-A.M.100.E.8 R:0.06422 P:0.10294 F:0.07910
8 ROUGE-3 Eval D1026-A.M.100.E.8 R:0.00000 P:0.00000 F:0.00000
8 ROUGE-3 Eval D1027-A.M.100.E.8 R:0.02869 P:0.03070 F:0.02966
8 ROUGE-3 Eval D1028-A.M.100.E.8 R:0.00862 P:0.01087 F:0.00962
8 ROUGE-3 Eval D1029-A.M.100.F.8 R:0.00862 P:0.00962 F:0.00909
8 ROUGE-3 Eval D1030-A.M.100.F.8 R:0.00410 P:0.00481 F:0.00443
8 ROUGE-3 Eval D1031-A.M.100.F.8 R:0.00422 P:0.00556 F:0.00480
8 ROUGE-3 Eval D1032-A.M.100.F.8 R:0.02362 P:0.03409 F:0.02791
8 ROUGE-3 Eval D1033-A.M.100.F.8 R:0.05983 P:0.05385 F:0.05668
8 ROUGE-3 Eval D1034-A.M.100.F.8 R:0.00000 P:0.00000 F:0.00000
8 ROUGE-3 Eval D1035-A.M.100.G.8 R:0.00420 P:0.00735 F:0.00535
8 ROUGE-3 Eval D1036-A.M.100.G.8 R:0.00422 P:0.00532 F:0.00471
8 ROUGE-3 Eval D1037-A.M.100.G.8 R:0.00481 P:0.00543 F:0.00510
8 ROUGE-3 Eval D1038-A.M.100.G.8 R:0.00810 P:0.01389 F:0.01023
8 ROUGE-3 Eval D1039-A.M.100.G.8 R:0.04641 P:0.05392 F:0.04988
8 ROUGE-3 Eval D1040-A.M.100.G.8 R:0.00441 P:0.00610 F:0.00512
8 ROUGE-3 Eval D1041-A.M.100.H.8 R:0.01626 P:0.02857 F:0.02072
8 ROUGE-3 Eval D1042-A.M.100.H.8 R:0.01395 P:0.01705 F:0.01534
8 ROUGE-3 Eval D1043-A.M.100.H.8 R:0.05263 P:0.06977 F:0.06000
8 ROUGE-3 Eval D1044-A.M.100.H.8 R:0.00000 P:0.00000 F:0.00000
8 ROUGE-3 Eval D1045-A.M.100.H.8 R:0.02033 P:0.02083 F:0.02058
8 ROUGE-3 Eval D1046-A.M.100.H.8 R:0.01220 P:0.01415 F:0.01310
---------------------------------------------
8 ROUGE-4 Average_R: 0.00489 ( 95%-conf.int. 0.00237 - 0.00785)
8 ROUGE-4 Average_P: 0.00600 ( 95%-conf.int. 0.00289 - 0.00964)
8 ROUGE-4 Average_F: 0.00534 ( 95%-conf.int. 0.00258 - 0.00843)
.............................................
8 ROUGE-4 Eval D1001-A.M.100.A.8 R:0.00000 P:0.00000 F:0.00000
8 ROUGE-4 Eval D1002-A.M.100.A.8 R:0.01762 P:0.02273 F:0.01985
8 ROUGE-4 Eval D1003-A.M.100.A.8 R:0.00000 P:0.00000 F:0.00000
8 ROUGE-4 Eval D1004-A.M.100.A.8 R:0.00000 P:0.00000 F:0.00000
8 ROUGE-4 Eval D1005-A.M.100.A.8 R:0.00000 P:0.00000 F:0.00000
8 ROUGE-4 Eval D1006-A.M.100.A.8 R:0.00000 P:0.00000 F:0.00000
8 ROUGE-4 Eval D1007-A.M.100.B.8 R:0.00000 P:0.00000 F:0.00000
8 ROUGE-4 Eval D1008-A.M.100.B.8 R:0.00000 P:0.00000 F:0.00000
8 ROUGE-4 Eval D1009-A.M.100.B.8 R:0.00467 P:0.00431 F:0.00448
8 ROUGE-4 Eval D1010-A.M.100.B.8 R:0.00000 P:0.00000 F:0.00000
8 ROUGE-4 Eval D1011-A.M.100.C.8 R:0.00455 P:0.00658 F:0.00538
8 ROUGE-4 Eval D1012-A.M.100.C.8 R:0.00000 P:0.00000 F:0.00000
8 ROUGE-4 Eval D1013-A.M.100.C.8 R:0.00000 P:0.00000 F:0.00000
8 ROUGE-4 Eval D1014-A.M.100.C.8 R:0.00000 P:0.00000 F:0.00000
8 ROUGE-4 Eval D1015-A.M.100.C.8 R:0.03162 P:0.03571 F:0.03354
8 ROUGE-4 Eval D1016-A.M.100.C.8 R:0.00474 P:0.00758 F:0.00583
8 ROUGE-4 Eval D1017-A.M.100.D.8 R:0.00000 P:0.00000 F:0.00000
8 ROUGE-4 Eval D1018-A.M.100.D.8 R:0.00881 P:0.01282 F:0.01044
8 ROUGE-4 Eval D1019-A.M.100.D.8 R:0.00000 P:0.00000 F:0.00000
8 ROUGE-4 Eval D1020-A.M.100.D.8 R:0.00435 P:0.00641 F:0.00518
8 ROUGE-4 Eval D1021-A.M.100.D.8 R:0.00000 P:0.00000 F:0.00000
8 ROUGE-4 Eval D1022-A.M.100.D.8 R:0.01322 P:0.01339 F:0.01330
8 ROUGE-4 Eval D1023-A.M.100.E.8 R:0.00000 P:0.00000 F:0.00000
8 ROUGE-4 Eval D1024-A.M.100.E.8 R:0.00000 P:0.00000 F:0.00000
8 ROUGE-4 Eval D1025-A.M.100.E.8 R:0.02804 P:0.04545 F:0.03468
8 ROUGE-4 Eval D1026-A.M.100.E.8 R:0.00000 P:0.00000 F:0.00000
8 ROUGE-4 Eval D1027-A.M.100.E.8 R:0.00000 P:0.00000 F:0.00000
8 ROUGE-4 Eval D1028-A.M.100.E.8 R:0.00439 P:0.00556 F:0.00491
8 ROUGE-4 Eval D1029-A.M.100.F.8 R:0.00000 P:0.00000 F:0.00000
8 ROUGE-4 Eval D1030-A.M.100.F.8 R:0.00000 P:0.00000 F:0.00000
8 ROUGE-4 Eval D1031-A.M.100.F.8 R:0.00000 P:0.00000 F:0.00000
8 ROUGE-4 Eval D1032-A.M.100.F.8 R:0.00000 P:0.00000 F:0.00000
8 ROUGE-4 Eval D1033-A.M.100.F.8 R:0.03478 P:0.03125 F:0.03292
8 ROUGE-4 Eval D1034-A.M.100.F.8 R:0.00000 P:0.00000 F:0.00000
8 ROUGE-4 Eval D1035-A.M.100.G.8 R:0.00000 P:0.00000 F:0.00000
8 ROUGE-4 Eval D1036-A.M.100.G.8 R:0.00000 P:0.00000 F:0.00000
8 ROUGE-4 Eval D1037-A.M.100.G.8 R:0.00000 P:0.00000 F:0.00000
8 ROUGE-4 Eval D1038-A.M.100.G.8 R:0.00000 P:0.00000 F:0.00000
8 ROUGE-4 Eval D1039-A.M.100.G.8 R:0.01717 P:0.02000 F:0.01848
8 ROUGE-4 Eval D1040-A.M.100.G.8 R:0.00000 P:0.00000 F:0.00000
8 ROUGE-4 Eval D1041-A.M.100.H.8 R:0.00000 P:0.00000 F:0.00000
8 ROUGE-4 Eval D1042-A.M.100.H.8 R:0.00000 P:0.00000 F:0.00000
8 ROUGE-4 Eval D1043-A.M.100.H.8 R:0.03571 P:0.04762 F:0.04081
8 ROUGE-4 Eval D1044-A.M.100.H.8 R:0.00000 P:0.00000 F:0.00000
8 ROUGE-4 Eval D1045-A.M.100.H.8 R:0.01240 P:0.01271 F:0.01255
8 ROUGE-4 Eval D1046-A.M.100.H.8 R:0.00413 P:0.00481 F:0.00444
