---------------------------------------------
8 ROUGE-1 Average_R: 0.22301 ( 95%-conf.int. 0.20564 - 0.24073)
8 ROUGE-1 Average_P: 0.30949 ( 95%-conf.int. 0.28304 - 0.33661)
8 ROUGE-1 Average_F: 0.25732 ( 95%-conf.int. 0.23752 - 0.27763)
.............................................
8 ROUGE-1 Eval D1001-A.M.100.A.8 R:0.20576 P:0.26042 F:0.22989
8 ROUGE-1 Eval D1002-A.M.100.A.8 R:0.27615 P:0.44595 F:0.34109
8 ROUGE-1 Eval D1003-A.M.100.A.8 R:0.16883 P:0.19898 F:0.18267
8 ROUGE-1 Eval D1004-A.M.100.A.8 R:0.24380 P:0.25877 F:0.25106
8 ROUGE-1 Eval D1005-A.M.100.A.8 R:0.20082 P:0.26630 F:0.22897
8 ROUGE-1 Eval D1006-A.M.100.A.8 R:0.22989 P:0.31915 F:0.26726
8 ROUGE-1 Eval D1007-A.M.100.B.8 R:0.25333 P:0.32386 F:0.28429
8 ROUGE-1 Eval D1008-A.M.100.B.8 R:0.16532 P:0.24405 F:0.19711
8 ROUGE-1 Eval D1009-A.M.100.B.8 R:0.19912 P:0.22059 F:0.20931
8 ROUGE-1 Eval D1010-A.M.100.B.8 R:0.30000 P:0.36058 F:0.32751
8 ROUGE-1 Eval D1011-A.M.100.C.8 R:0.20690 P:0.30000 F:0.24490
8 ROUGE-1 Eval D1012-A.M.100.C.8 R:0.19106 P:0.29375 F:0.23153
8 ROUGE-1 Eval D1013-A.M.100.C.8 R:0.15261 P:0.27143 F:0.19537
8 ROUGE-1 Eval D1014-A.M.100.C.8 R:0.17155 P:0.27703 F:0.21189
8 ROUGE-1 Eval D1015-A.M.100.C.8 R:0.23396 P:0.29245 F:0.25996
8 ROUGE-1 Eval D1016-A.M.100.C.8 R:0.30493 P:0.38636 F:0.34085
8 ROUGE-1 Eval D1017-A.M.100.D.8 R:0.17959 P:0.34375 F:0.23592
8 ROUGE-1 Eval D1018-A.M.100.D.8 R:0.23013 P:0.55000 F:0.32449
8 ROUGE-1 Eval D1019-A.M.100.D.8 R:0.27917 P:0.40854 F:0.33169
8 ROUGE-1 Eval D1020-A.M.100.D.8 R:0.21901 P:0.28191 F:0.24651
8 ROUGE-1 Eval D1021-A.M.100.D.8 R:0.19915 P:0.25000 F:0.22170
8 ROUGE-1 Eval D1022-A.M.100.D.8 R:0.36402 P:0.43500 F:0.39636
8 ROUGE-1 Eval D1023-A.M.100.E.8 R:0.25207 P:0.27232 F:0.26180
8 ROUGE-1 Eval D1024-A.M.100.E.8 R:0.13333 P:0.18182 F:0.15384
8 ROUGE-1 Eval D1025-A.M.100.E.8 R:0.27876 P:0.47727 F:0.35195
8 ROUGE-1 Eval D1026-A.M.100.E.8 R:0.17949 P:0.26250 F:0.21320
8 ROUGE-1 Eval D1027-A.M.100.E.8 R:0.31349 P:0.43889 F:0.36574
8 ROUGE-1 Eval D1028-A.M.100.E.8 R:0.32083 P:0.42778 F:0.36667
8 ROUGE-1 Eval D1029-A.M.100.F.8 R:0.18333 P:0.20000 F:0.19130
8 ROUGE-1 Eval D1030-A.M.100.F.8 R:0.11111 P:0.17500 F:0.13592
8 ROUGE-1 Eval D1031-A.M.100.F.8 R:0.15102 P:0.20556 F:0.17412
8 ROUGE-1 Eval D1032-A.M.100.F.8 R:0.23282 P:0.42361 F:0.30049
8 ROUGE-1 Eval D1033-A.M.100.F.8 R:0.32231 P:0.35455 F:0.33766
8 ROUGE-1 Eval D1034-A.M.100.F.8 R:0.09465 P:0.15132 F:0.11646
8 ROUGE-1 Eval D1035-A.M.100.G.8 R:0.27236 P:0.35638 F:0.30876
8 ROUGE-1 Eval D1036-A.M.100.G.8 R:0.22041 P:0.25000 F:0.23427
8 ROUGE-1 Eval D1037-A.M.100.G.8 R:0.22685 P:0.32237 F:0.26630
8 ROUGE-1 Eval D1038-A.M.100.G.8 R:0.12549 P:0.26667 F:0.17067
8 ROUGE-1 Eval D1039-A.M.100.G.8 R:0.29388 P:0.37500 F:0.32952
8 ROUGE-1 Eval D1040-A.M.100.G.8 R:0.22553 P:0.27041 F:0.24594
8 ROUGE-1 Eval D1041-A.M.100.H.8 R:0.20079 P:0.29651 F:0.23944
8 ROUGE-1 Eval D1042-A.M.100.H.8 R:0.18834 P:0.25610 F:0.21705
8 ROUGE-1 Eval D1043-A.M.100.H.8 R:0.26271 P:0.33696 F:0.29524
8 ROUGE-1 Eval D1044-A.M.100.H.8 R:0.22785 P:0.31395 F:0.26406
8 ROUGE-1 Eval D1045-A.M.100.H.8 R:0.29528 P:0.39894 F:0.33937
8 ROUGE-1 Eval D1046-A.M.100.H.8 R:0.16142 P:0.20500 F:0.18062
---------------------------------------------
8 ROUGE-2 Average_R: 0.05757 ( 95%-conf.int. 0.04928 - 0.06604)
8 ROUGE-2 Average_P: 0.08104 ( 95%-conf.int. 0.06885 - 0.09343)
8 ROUGE-2 Average_F: 0.06680 ( 95%-conf.int. 0.05729 - 0.07709)
.............................................
8 ROUGE-2 Eval D1001-A.M.100.A.8 R:0.05439 P:0.06915 F:0.06089
8 ROUGE-2 Eval D1002-A.M.100.A.8 R:0.06383 P:0.10417 F:0.07916
8 ROUGE-2 Eval D1003-A.M.100.A.8 R:0.03084 P:0.03646 F:0.03342
8 ROUGE-2 Eval D1004-A.M.100.A.8 R:0.06723 P:0.07143 F:0.06927
8 ROUGE-2 Eval D1005-A.M.100.A.8 R:0.05000 P:0.06667 F:0.05714
8 ROUGE-2 Eval D1006-A.M.100.A.8 R:0.05837 P:0.08152 F:0.06803
8 ROUGE-2 Eval D1007-A.M.100.B.8 R:0.05882 P:0.07558 F:0.06615
8 ROUGE-2 Eval D1008-A.M.100.B.8 R:0.02869 P:0.04268 F:0.03431
8 ROUGE-2 Eval D1009-A.M.100.B.8 R:0.04505 P:0.05000 F:0.04740
8 ROUGE-2 Eval D1010-A.M.100.B.8 R:0.10163 P:0.12255 F:0.11111
8 ROUGE-2 Eval D1011-A.M.100.C.8 R:0.06579 P:0.09615 F:0.07812
8 ROUGE-2 Eval D1012-A.M.100.C.8 R:0.03306 P:0.05128 F:0.04020
8 ROUGE-2 Eval D1013-A.M.100.C.8 R:0.03673 P:0.06618 F:0.04724
8 ROUGE-2 Eval D1014-A.M.100.C.8 R:0.01702 P:0.02778 F:0.02111
8 ROUGE-2 Eval D1015-A.M.100.C.8 R:0.08046 P:0.10096 F:0.08955
8 ROUGE-2 Eval D1016-A.M.100.C.8 R:0.09132 P:0.11628 F:0.10230
8 ROUGE-2 Eval D1017-A.M.100.D.8 R:0.02905 P:0.05645 F:0.03836
8 ROUGE-2 Eval D1018-A.M.100.D.8 R:0.07660 P:0.18750 F:0.10877
8 ROUGE-2 Eval D1019-A.M.100.D.8 R:0.08475 P:0.12500 F:0.10101
8 ROUGE-2 Eval D1020-A.M.100.D.8 R:0.03361 P:0.04348 F:0.03791
8 ROUGE-2 Eval D1021-A.M.100.D.8 R:0.04310 P:0.05435 F:0.04808
8 ROUGE-2 Eval D1022-A.M.100.D.8 R:0.09787 P:0.11735 F:0.10673
8 ROUGE-2 Eval D1023-A.M.100.E.8 R:0.02941 P:0.03182 F:0.03057
8 ROUGE-2 Eval D1024-A.M.100.E.8 R:0.04237 P:0.05814 F:0.04902
8 ROUGE-2 Eval D1025-A.M.100.E.8 R:0.11261 P:0.19531 F:0.14285
8 ROUGE-2 Eval D1026-A.M.100.E.8 R:0.03478 P:0.05128 F:0.04145
8 ROUGE-2 Eval D1027-A.M.100.E.8 R:0.11290 P:0.15909 F:0.13207
8 ROUGE-2 Eval D1028-A.M.100.E.8 R:0.08475 P:0.11364 F:0.09709
8 ROUGE-2 Eval D1029-A.M.100.F.8 R:0.02542 P:0.02778 F:0.02655
8 ROUGE-2 Eval D1030-A.M.100.F.8 R:0.02016 P:0.03205 F:0.02475
8 ROUGE-2 Eval D1031-A.M.100.F.8 R:0.02490 P:0.03409 F:0.02878
8 ROUGE-2 Eval D1032-A.M.100.F.8 R:0.06202 P:0.11429 F:0.08041
8 ROUGE-2 Eval D1033-A.M.100.F.8 R:0.07983 P:0.08796 F:0.08370
8 ROUGE-2 Eval D1034-A.M.100.F.8 R:0.00837 P:0.01351 F:0.01034
8 ROUGE-2 Eval D1035-A.M.100.G.8 R:0.07438 P:0.09783 F:0.08451
8 ROUGE-2 Eval D1036-A.M.100.G.8 R:0.04564 P:0.05189 F:0.04856
8 ROUGE-2 Eval D1037-A.M.100.G.8 R:0.05660 P:0.08108 F:0.06666
8 ROUGE-2 Eval D1038-A.M.100.G.8 R:0.03187 P:0.06897 F:0.04360
8 ROUGE-2 Eval D1039-A.M.100.G.8 R:0.12033 P:0.15426 F:0.13520
8 ROUGE-2 Eval D1040-A.M.100.G.8 R:0.02165 P:0.02604 F:0.02364
8 ROUGE-2 Eval D1041-A.M.100.H.8 R:0.07200 P:0.10714 F:0.08612
8 ROUGE-2 Eval D1042-A.M.100.H.8 R:0.06849 P:0.09375 F:0.07915
8 ROUGE-2 Eval D1043-A.M.100.H.8 R:0.09914 P:0.12778 F:0.11165
8 ROUGE-2 Eval D1044-A.M.100.H.8 R:0.06009 P:0.08333 F:0.06983
8 ROUGE-2 Eval D1045-A.M.100.H.8 R:0.08400 P:0.11413 F:0.09677
8 ROUGE-2 Eval D1046-A.M.100.H.8 R:0.02400 P:0.03061 F:0.02690
---------------------------------------------
8 ROUGE-3 Average_R: 0.01692 ( 95%-conf.int. 0.01192 - 0.02194)
8 ROUGE-3 Average_P: 0.02422 ( 95%-conf.int. 0.01676 - 0.03151)
8 ROUGE-3 Average_F: 0.01974 ( 95%-conf.int. 0.01382 - 0.02554)
.............................................
8 ROUGE-3 Eval D1001-A.M.100.A.8 R:0.01702 P:0.02174 F:0.01909
8 ROUGE-3 Eval D1002-A.M.100.A.8 R:0.01299 P:0.02143 F:0.01618
8 ROUGE-3 Eval D1003-A.M.100.A.8 R:0.00000 P:0.00000 F:0.00000
8 ROUGE-3 Eval D1004-A.M.100.A.8 R:0.01282 P:0.01364 F:0.01322
8 ROUGE-3 Eval D1005-A.M.100.A.8 R:0.02542 P:0.03409 F:0.02912
8 ROUGE-3 Eval D1006-A.M.100.A.8 R:0.02372 P:0.03333 F:0.02772
8 ROUGE-3 Eval D1007-A.M.100.B.8 R:0.00922 P:0.01190 F:0.01039
8 ROUGE-3 Eval D1008-A.M.100.B.8 R:0.00000 P:0.00000 F:0.00000
8 ROUGE-3 Eval D1009-A.M.100.B.8 R:0.00917 P:0.01020 F:0.00966
8 ROUGE-3 Eval D1010-A.M.100.B.8 R:0.06198 P:0.07500 F:0.06787
8 ROUGE-3 Eval D1011-A.M.100.C.8 R:0.01786 P:0.02632 F:0.02128
8 ROUGE-3 Eval D1012-A.M.100.C.8 R:0.00000 P:0.00000 F:0.00000
8 ROUGE-3 Eval D1013-A.M.100.C.8 R:0.00000 P:0.00000 F:0.00000
8 ROUGE-3 Eval D1014-A.M.100.C.8 R:0.00000 P:0.00000 F:0.00000
8 ROUGE-3 Eval D1015-A.M.100.C.8 R:0.03113 P:0.03922 F:0.03471
8 ROUGE-3 Eval D1016-A.M.100.C.8 R:0.02326 P:0.02976 F:0.02611
8 ROUGE-3 Eval D1017-A.M.100.D.8 R:0.00844 P:0.01667 F:0.01121
8 ROUGE-3 Eval D1018-A.M.100.D.8 R:0.03463 P:0.08696 F:0.04953
8 ROUGE-3 Eval D1019-A.M.100.D.8 R:0.03879 P:0.05769 F:0.04639
8 ROUGE-3 Eval D1020-A.M.100.D.8 R:0.00427 P:0.00556 F:0.00483
8 ROUGE-3 Eval D1021-A.M.100.D.8 R:0.00439 P:0.00556 F:0.00491
8 ROUGE-3 Eval D1022-A.M.100.D.8 R:0.03896 P:0.04688 F:0.04255
8 ROUGE-3 Eval D1023-A.M.100.E.8 R:0.00000 P:0.00000 F:0.00000
8 ROUGE-3 Eval D1024-A.M.100.E.8 R:0.00000 P:0.00000 F:0.00000
8 ROUGE-3 Eval D1025-A.M.100.E.8 R:0.06422 P:0.11290 F:0.08187
8 ROUGE-3 Eval D1026-A.M.100.E.8 R:0.00442 P:0.00658 F:0.00529
8 ROUGE-3 Eval D1027-A.M.100.E.8 R:0.02459 P:0.03488 F:0.02884
8 ROUGE-3 Eval D1028-A.M.100.E.8 R:0.01293 P:0.01744 F:0.01485
8 ROUGE-3 Eval D1029-A.M.100.F.8 R:0.00431 P:0.00472 F:0.00451
8 ROUGE-3 Eval D1030-A.M.100.F.8 R:0.00410 P:0.00658 F:0.00505
8 ROUGE-3 Eval D1031-A.M.100.F.8 R:0.00422 P:0.00581 F:0.00489
8 ROUGE-3 Eval D1032-A.M.100.F.8 R:0.01181 P:0.02206 F:0.01538
8 ROUGE-3 Eval D1033-A.M.100.F.8 R:0.03846 P:0.04245 F:0.04036
8 ROUGE-3 Eval D1034-A.M.100.F.8 R:0.00000 P:0.00000 F:0.00000
8 ROUGE-3 Eval D1035-A.M.100.G.8 R:0.00420 P:0.00556 F:0.00479
8 ROUGE-3 Eval D1036-A.M.100.G.8 R:0.00844 P:0.00962 F:0.00899
8 ROUGE-3 Eval D1037-A.M.100.G.8 R:0.00962 P:0.01389 F:0.01137
8 ROUGE-3 Eval D1038-A.M.100.G.8 R:0.00810 P:0.01786 F:0.01115
8 ROUGE-3 Eval D1039-A.M.100.G.8 R:0.03376 P:0.04348 F:0.03801
8 ROUGE-3 Eval D1040-A.M.100.G.8 R:0.00441 P:0.00532 F:0.00482
8 ROUGE-3 Eval D1041-A.M.100.H.8 R:0.02439 P:0.03659 F:0.02927
8 ROUGE-3 Eval D1042-A.M.100.H.8 R:0.01395 P:0.01923 F:0.01617
8 ROUGE-3 Eval D1043-A.M.100.H.8 R:0.07018 P:0.09091 F:0.07921
8 ROUGE-3 Eval D1044-A.M.100.H.8 R:0.03493 P:0.04878 F:0.04071
8 ROUGE-3 Eval D1045-A.M.100.H.8 R:0.02033 P:0.02778 F:0.02348
8 ROUGE-3 Eval D1046-A.M.100.H.8 R:0.00000 P:0.00000 F:0.00000
---------------------------------------------
8 ROUGE-4 Average_R: 0.00514 ( 95%-conf.int. 0.00233 - 0.00859)
8 ROUGE-4 Average_P: 0.00724 ( 95%-conf.int. 0.00346 - 0.01168)
8 ROUGE-4 Average_F: 0.00596 ( 95%-conf.int. 0.00273 - 0.00982)
.............................................
8 ROUGE-4 Eval D1001-A.M.100.A.8 R:0.00000 P:0.00000 F:0.00000
8 ROUGE-4 Eval D1002-A.M.100.A.8 R:0.00441 P:0.00735 F:0.00551
8 ROUGE-4 Eval D1003-A.M.100.A.8 R:0.00000 P:0.00000 F:0.00000
8 ROUGE-4 Eval D1004-A.M.100.A.8 R:0.00000 P:0.00000 F:0.00000
8 ROUGE-4 Eval D1005-A.M.100.A.8 R:0.00862 P:0.01163 F:0.00990
8 ROUGE-4 Eval D1006-A.M.100.A.8 R:0.00402 P:0.00568 F:0.00471
8 ROUGE-4 Eval D1007-A.M.100.B.8 R:0.00000 P:0.00000 F:0.00000
8 ROUGE-4 Eval D1008-A.M.100.B.8 R:0.00000 P:0.00000 F:0.00000
8 ROUGE-4 Eval D1009-A.M.100.B.8 R:0.00000 P:0.00000 F:0.00000
8 ROUGE-4 Eval D1010-A.M.100.B.8 R:0.04202 P:0.05102 F:0.04608
8 ROUGE-4 Eval D1011-A.M.100.C.8 R:0.00455 P:0.00676 F:0.00544
8 ROUGE-4 Eval D1012-A.M.100.C.8 R:0.00000 P:0.00000 F:0.00000
8 ROUGE-4 Eval D1013-A.M.100.C.8 R:0.00000 P:0.00000 F:0.00000
8 ROUGE-4 Eval D1014-A.M.100.C.8 R:0.00000 P:0.00000 F:0.00000
8 ROUGE-4 Eval D1015-A.M.100.C.8 R:0.01186 P:0.01500 F:0.01325
8 ROUGE-4 Eval D1016-A.M.100.C.8 R:0.00000 P:0.00000 F:0.00000
8 ROUGE-4 Eval D1017-A.M.100.D.8 R:0.00000 P:0.00000 F:0.00000
8 ROUGE-4 Eval D1018-A.M.100.D.8 R:0.00881 P:0.02273 F:0.01270
8 ROUGE-4 Eval D1019-A.M.100.D.8 R:0.02632 P:0.03947 F:0.03158
8 ROUGE-4 Eval D1020-A.M.100.D.8 R:0.00000 P:0.00000 F:0.00000
8 ROUGE-4 Eval D1021-A.M.100.D.8 R:0.00000 P:0.00000 F:0.00000
8 ROUGE-4 Eval D1022-A.M.100.D.8 R:0.01322 P:0.01596 F:0.01446
8 ROUGE-4 Eval D1023-A.M.100.E.8 R:0.00000 P:0.00000 F:0.00000
8 ROUGE-4 Eval D1024-A.M.100.E.8 R:0.00000 P:0.00000 F:0.00000
8 ROUGE-4 Eval D1025-A.M.100.E.8 R:0.02336 P:0.04167 F:0.02994
8 ROUGE-4 Eval D1026-A.M.100.E.8 R:0.00000 P:0.00000 F:0.00000
8 ROUGE-4 Eval D1027-A.M.100.E.8 R:0.00000 P:0.00000 F:0.00000
8 ROUGE-4 Eval D1028-A.M.100.E.8 R:0.00000 P:0.00000 F:0.00000
8 ROUGE-4 Eval D1029-A.M.100.F.8 R:0.00000 P:0.00000 F:0.00000
8 ROUGE-4 Eval D1030-A.M.100.F.8 R:0.00000 P:0.00000 F:0.00000
8 ROUGE-4 Eval D1031-A.M.100.F.8 R:0.00000 P:0.00000 F:0.00000
8 ROUGE-4 Eval D1032-A.M.100.F.8 R:0.00000 P:0.00000 F:0.00000
8 ROUGE-4 Eval D1033-A.M.100.F.8 R:0.01739 P:0.01923 F:0.01826
8 ROUGE-4 Eval D1034-A.M.100.F.8 R:0.00000 P:0.00000 F:0.00000
8 ROUGE-4 Eval D1035-A.M.100.G.8 R:0.00000 P:0.00000 F:0.00000
8 ROUGE-4 Eval D1036-A.M.100.G.8 R:0.00000 P:0.00000 F:0.00000
8 ROUGE-4 Eval D1037-A.M.100.G.8 R:0.00000 P:0.00000 F:0.00000
8 ROUGE-4 Eval D1038-A.M.100.G.8 R:0.00000 P:0.00000 F:0.00000
8 ROUGE-4 Eval D1039-A.M.100.G.8 R:0.00429 P:0.00556 F:0.00484
8 ROUGE-4 Eval D1040-A.M.100.G.8 R:0.00000 P:0.00000 F:0.00000
8 ROUGE-4 Eval D1041-A.M.100.H.8 R:0.00413 P:0.00625 F:0.00497
8 ROUGE-4 Eval D1042-A.M.100.H.8 R:0.00000 P:0.00000 F:0.00000
8 ROUGE-4 Eval D1043-A.M.100.H.8 R:0.04911 P:0.06395 F:0.05556
8 ROUGE-4 Eval D1044-A.M.100.H.8 R:0.01333 P:0.01875 F:0.01558
8 ROUGE-4 Eval D1045-A.M.100.H.8 R:0.00000 P:0.00000 F:0.00000
8 ROUGE-4 Eval D1046-A.M.100.H.8 R:0.00000 P:0.00000 F:0.00000
