---------------------------------------------
8 ROUGE-1 Average_R: 0.22580 ( 95%-conf.int. 0.20753 - 0.24355)
8 ROUGE-1 Average_P: 0.29082 ( 95%-conf.int. 0.26966 - 0.31280)
8 ROUGE-1 Average_F: 0.25209 ( 95%-conf.int. 0.23310 - 0.26994)
.............................................
8 ROUGE-1 Eval D1001-A.M.100.A.8 R:0.18930 P:0.24468 F:0.21346
8 ROUGE-1 Eval D1002-A.M.100.A.8 R:0.20921 P:0.29070 F:0.24331
8 ROUGE-1 Eval D1003-A.M.100.A.8 R:0.17749 P:0.22778 F:0.19951
8 ROUGE-1 Eval D1004-A.M.100.A.8 R:0.07025 P:0.10366 F:0.08375
8 ROUGE-1 Eval D1005-A.M.100.A.8 R:0.23770 P:0.39189 F:0.29591
8 ROUGE-1 Eval D1006-A.M.100.A.8 R:0.20690 P:0.32143 F:0.25175
8 ROUGE-1 Eval D1007-A.M.100.B.8 R:0.24444 P:0.27500 F:0.25882
8 ROUGE-1 Eval D1008-A.M.100.B.8 R:0.16935 P:0.30882 F:0.21875
8 ROUGE-1 Eval D1009-A.M.100.B.8 R:0.34513 P:0.31967 F:0.33191
8 ROUGE-1 Eval D1010-A.M.100.B.8 R:0.23200 P:0.25000 F:0.24066
8 ROUGE-1 Eval D1011-A.M.100.C.8 R:0.18966 P:0.42308 F:0.26191
8 ROUGE-1 Eval D1012-A.M.100.C.8 R:0.17886 P:0.26829 F:0.21463
8 ROUGE-1 Eval D1013-A.M.100.C.8 R:0.26908 P:0.34896 F:0.30386
8 ROUGE-1 Eval D1014-A.M.100.C.8 R:0.17155 P:0.20918 F:0.18851
8 ROUGE-1 Eval D1015-A.M.100.C.8 R:0.32075 P:0.36017 F:0.33932
8 ROUGE-1 Eval D1016-A.M.100.C.8 R:0.35874 P:0.40816 F:0.38186
8 ROUGE-1 Eval D1017-A.M.100.D.8 R:0.20408 P:0.27174 F:0.23310
8 ROUGE-1 Eval D1018-A.M.100.D.8 R:0.20084 P:0.27273 F:0.23133
8 ROUGE-1 Eval D1019-A.M.100.D.8 R:0.26250 P:0.35000 F:0.30000
8 ROUGE-1 Eval D1020-A.M.100.D.8 R:0.18595 P:0.30405 F:0.23077
8 ROUGE-1 Eval D1021-A.M.100.D.8 R:0.11441 P:0.17308 F:0.13776
8 ROUGE-1 Eval D1022-A.M.100.D.8 R:0.31381 P:0.39062 F:0.34803
8 ROUGE-1 Eval D1023-A.M.100.E.8 R:0.21901 P:0.24091 F:0.22944
8 ROUGE-1 Eval D1024-A.M.100.E.8 R:0.15417 P:0.19681 F:0.17290
8 ROUGE-1 Eval D1025-A.M.100.E.8 R:0.27876 P:0.34239 F:0.30732
8 ROUGE-1 Eval D1026-A.M.100.E.8 R:0.20085 P:0.22596 F:0.21267
8 ROUGE-1 Eval D1027-A.M.100.E.8 R:0.24206 P:0.25000 F:0.24597
8 ROUGE-1 Eval D1028-A.M.100.E.8 R:0.29167 P:0.38889 F:0.33334
8 ROUGE-1 Eval D1029-A.M.100.F.8 R:0.20000 P:0.30769 F:0.24242
8 ROUGE-1 Eval D1030-A.M.100.F.8 R:0.13889 P:0.17157 F:0.15351
8 ROUGE-1 Eval D1031-A.M.100.F.8 R:0.14286 P:0.15625 F:0.14926
8 ROUGE-1 Eval D1032-A.M.100.F.8 R:0.29389 P:0.48125 F:0.36493
8 ROUGE-1 Eval D1033-A.M.100.F.8 R:0.26446 P:0.24615 F:0.25498
8 ROUGE-1 Eval D1034-A.M.100.F.8 R:0.14403 P:0.16827 F:0.15521
8 ROUGE-1 Eval D1035-A.M.100.G.8 R:0.20732 P:0.35417 F:0.26154
8 ROUGE-1 Eval D1036-A.M.100.G.8 R:0.23673 P:0.27358 F:0.25382
8 ROUGE-1 Eval D1037-A.M.100.G.8 R:0.19907 P:0.31618 F:0.24432
8 ROUGE-1 Eval D1038-A.M.100.G.8 R:0.13333 P:0.20732 F:0.16229
8 ROUGE-1 Eval D1039-A.M.100.G.8 R:0.30612 P:0.34722 F:0.32538
8 ROUGE-1 Eval D1040-A.M.100.G.8 R:0.20426 P:0.25532 F:0.22695
8 ROUGE-1 Eval D1041-A.M.100.H.8 R:0.31102 P:0.31349 F:0.31225
8 ROUGE-1 Eval D1042-A.M.100.H.8 R:0.23767 P:0.30814 F:0.26836
8 ROUGE-1 Eval D1043-A.M.100.H.8 R:0.22458 P:0.32317 F:0.26500
8 ROUGE-1 Eval D1044-A.M.100.H.8 R:0.29114 P:0.33173 F:0.31011
8 ROUGE-1 Eval D1045-A.M.100.H.8 R:0.32283 P:0.33065 F:0.32669
8 ROUGE-1 Eval D1046-A.M.100.H.8 R:0.27953 P:0.32273 F:0.29958
---------------------------------------------
8 ROUGE-2 Average_R: 0.05525 ( 95%-conf.int. 0.04573 - 0.06527)
8 ROUGE-2 Average_P: 0.07099 ( 95%-conf.int. 0.05942 - 0.08276)
8 ROUGE-2 Average_F: 0.06159 ( 95%-conf.int. 0.05125 - 0.07173)
.............................................
8 ROUGE-2 Eval D1001-A.M.100.A.8 R:0.03347 P:0.04348 F:0.03782
8 ROUGE-2 Eval D1002-A.M.100.A.8 R:0.09787 P:0.13690 F:0.11414
8 ROUGE-2 Eval D1003-A.M.100.A.8 R:0.03965 P:0.05114 F:0.04467
8 ROUGE-2 Eval D1004-A.M.100.A.8 R:0.00840 P:0.01250 F:0.01005
8 ROUGE-2 Eval D1005-A.M.100.A.8 R:0.03750 P:0.06250 F:0.04687
8 ROUGE-2 Eval D1006-A.M.100.A.8 R:0.03113 P:0.04878 F:0.03801
8 ROUGE-2 Eval D1007-A.M.100.B.8 R:0.06787 P:0.07653 F:0.07194
8 ROUGE-2 Eval D1008-A.M.100.B.8 R:0.02459 P:0.04545 F:0.03191
8 ROUGE-2 Eval D1009-A.M.100.B.8 R:0.10360 P:0.09583 F:0.09956
8 ROUGE-2 Eval D1010-A.M.100.B.8 R:0.04878 P:0.05263 F:0.05063
8 ROUGE-2 Eval D1011-A.M.100.C.8 R:0.06140 P:0.14000 F:0.08536
8 ROUGE-2 Eval D1012-A.M.100.C.8 R:0.02066 P:0.03125 F:0.02487
8 ROUGE-2 Eval D1013-A.M.100.C.8 R:0.11020 P:0.14362 F:0.12471
8 ROUGE-2 Eval D1014-A.M.100.C.8 R:0.01702 P:0.02083 F:0.01873
8 ROUGE-2 Eval D1015-A.M.100.C.8 R:0.11494 P:0.12931 F:0.12170
8 ROUGE-2 Eval D1016-A.M.100.C.8 R:0.10502 P:0.11979 F:0.11192
8 ROUGE-2 Eval D1017-A.M.100.D.8 R:0.03320 P:0.04444 F:0.03801
8 ROUGE-2 Eval D1018-A.M.100.D.8 R:0.07660 P:0.10465 F:0.08845
8 ROUGE-2 Eval D1019-A.M.100.D.8 R:0.03814 P:0.05114 F:0.04369
8 ROUGE-2 Eval D1020-A.M.100.D.8 R:0.04202 P:0.06944 F:0.05236
8 ROUGE-2 Eval D1021-A.M.100.D.8 R:0.01293 P:0.01974 F:0.01563
8 ROUGE-2 Eval D1022-A.M.100.D.8 R:0.10213 P:0.12766 F:0.11348
8 ROUGE-2 Eval D1023-A.M.100.E.8 R:0.02101 P:0.02315 F:0.02203
8 ROUGE-2 Eval D1024-A.M.100.E.8 R:0.03390 P:0.04348 F:0.03810
8 ROUGE-2 Eval D1025-A.M.100.E.8 R:0.11712 P:0.14444 F:0.12935
8 ROUGE-2 Eval D1026-A.M.100.E.8 R:0.03913 P:0.04412 F:0.04148
8 ROUGE-2 Eval D1027-A.M.100.E.8 R:0.06855 P:0.07083 F:0.06967
8 ROUGE-2 Eval D1028-A.M.100.E.8 R:0.06356 P:0.08523 F:0.07282
8 ROUGE-2 Eval D1029-A.M.100.F.8 R:0.02542 P:0.03947 F:0.03092
8 ROUGE-2 Eval D1030-A.M.100.F.8 R:0.02016 P:0.02500 F:0.02232
8 ROUGE-2 Eval D1031-A.M.100.F.8 R:0.02075 P:0.02273 F:0.02169
8 ROUGE-2 Eval D1032-A.M.100.F.8 R:0.07752 P:0.12821 F:0.09662
8 ROUGE-2 Eval D1033-A.M.100.F.8 R:0.02941 P:0.02734 F:0.02834
8 ROUGE-2 Eval D1034-A.M.100.F.8 R:0.01255 P:0.01471 F:0.01354
8 ROUGE-2 Eval D1035-A.M.100.G.8 R:0.05785 P:0.10000 F:0.07330
8 ROUGE-2 Eval D1036-A.M.100.G.8 R:0.02075 P:0.02404 F:0.02227
8 ROUGE-2 Eval D1037-A.M.100.G.8 R:0.03774 P:0.06061 F:0.04652
8 ROUGE-2 Eval D1038-A.M.100.G.8 R:0.01594 P:0.02500 F:0.01947
8 ROUGE-2 Eval D1039-A.M.100.G.8 R:0.12448 P:0.14151 F:0.13245
8 ROUGE-2 Eval D1040-A.M.100.G.8 R:0.02165 P:0.02717 F:0.02410
8 ROUGE-2 Eval D1041-A.M.100.H.8 R:0.10800 P:0.10887 F:0.10843
8 ROUGE-2 Eval D1042-A.M.100.H.8 R:0.06393 P:0.08333 F:0.07235
8 ROUGE-2 Eval D1043-A.M.100.H.8 R:0.08190 P:0.11875 F:0.09694
8 ROUGE-2 Eval D1044-A.M.100.H.8 R:0.09013 P:0.10294 F:0.09611
8 ROUGE-2 Eval D1045-A.M.100.H.8 R:0.07600 P:0.07787 F:0.07692
8 ROUGE-2 Eval D1046-A.M.100.H.8 R:0.08000 P:0.09259 F:0.08584
---------------------------------------------
8 ROUGE-3 Average_R: 0.01681 ( 95%-conf.int. 0.01191 - 0.02186)
8 ROUGE-3 Average_P: 0.02119 ( 95%-conf.int. 0.01484 - 0.02762)
8 ROUGE-3 Average_F: 0.01861 ( 95%-conf.int. 0.01318 - 0.02421)
.............................................
8 ROUGE-3 Eval D1001-A.M.100.A.8 R:0.00000 P:0.00000 F:0.00000
8 ROUGE-3 Eval D1002-A.M.100.A.8 R:0.04329 P:0.06098 F:0.05063
8 ROUGE-3 Eval D1003-A.M.100.A.8 R:0.00000 P:0.00000 F:0.00000
8 ROUGE-3 Eval D1004-A.M.100.A.8 R:0.00000 P:0.00000 F:0.00000
8 ROUGE-3 Eval D1005-A.M.100.A.8 R:0.01271 P:0.02143 F:0.01596
8 ROUGE-3 Eval D1006-A.M.100.A.8 R:0.01186 P:0.01875 F:0.01453
8 ROUGE-3 Eval D1007-A.M.100.B.8 R:0.00922 P:0.01042 F:0.00978
8 ROUGE-3 Eval D1008-A.M.100.B.8 R:0.00000 P:0.00000 F:0.00000
8 ROUGE-3 Eval D1009-A.M.100.B.8 R:0.02752 P:0.02542 F:0.02643
8 ROUGE-3 Eval D1010-A.M.100.B.8 R:0.01653 P:0.01786 F:0.01717
8 ROUGE-3 Eval D1011-A.M.100.C.8 R:0.01339 P:0.03125 F:0.01875
8 ROUGE-3 Eval D1012-A.M.100.C.8 R:0.00000 P:0.00000 F:0.00000
8 ROUGE-3 Eval D1013-A.M.100.C.8 R:0.03734 P:0.04891 F:0.04235
8 ROUGE-3 Eval D1014-A.M.100.C.8 R:0.00000 P:0.00000 F:0.00000
8 ROUGE-3 Eval D1015-A.M.100.C.8 R:0.05058 P:0.05702 F:0.05361
8 ROUGE-3 Eval D1016-A.M.100.C.8 R:0.03256 P:0.03723 F:0.03474
8 ROUGE-3 Eval D1017-A.M.100.D.8 R:0.00844 P:0.01136 F:0.00968
8 ROUGE-3 Eval D1018-A.M.100.D.8 R:0.03030 P:0.04167 F:0.03509
8 ROUGE-3 Eval D1019-A.M.100.D.8 R:0.00431 P:0.00581 F:0.00495
8 ROUGE-3 Eval D1020-A.M.100.D.8 R:0.00855 P:0.01429 F:0.01070
8 ROUGE-3 Eval D1021-A.M.100.D.8 R:0.00439 P:0.00676 F:0.00532
8 ROUGE-3 Eval D1022-A.M.100.D.8 R:0.04329 P:0.05435 F:0.04819
8 ROUGE-3 Eval D1023-A.M.100.E.8 R:0.00000 P:0.00000 F:0.00000
8 ROUGE-3 Eval D1024-A.M.100.E.8 R:0.00000 P:0.00000 F:0.00000
8 ROUGE-3 Eval D1025-A.M.100.E.8 R:0.06422 P:0.07955 F:0.07107
8 ROUGE-3 Eval D1026-A.M.100.E.8 R:0.00885 P:0.01000 F:0.00939
8 ROUGE-3 Eval D1027-A.M.100.E.8 R:0.03279 P:0.03390 F:0.03334
8 ROUGE-3 Eval D1028-A.M.100.E.8 R:0.00862 P:0.01163 F:0.00990
8 ROUGE-3 Eval D1029-A.M.100.F.8 R:0.00000 P:0.00000 F:0.00000
8 ROUGE-3 Eval D1030-A.M.100.F.8 R:0.00410 P:0.00510 F:0.00455
8 ROUGE-3 Eval D1031-A.M.100.F.8 R:0.00422 P:0.00463 F:0.00442
8 ROUGE-3 Eval D1032-A.M.100.F.8 R:0.02362 P:0.03947 F:0.02955
8 ROUGE-3 Eval D1033-A.M.100.F.8 R:0.00855 P:0.00794 F:0.00823
8 ROUGE-3 Eval D1034-A.M.100.F.8 R:0.00851 P:0.01000 F:0.00920
8 ROUGE-3 Eval D1035-A.M.100.G.8 R:0.00420 P:0.00735 F:0.00535
8 ROUGE-3 Eval D1036-A.M.100.G.8 R:0.00422 P:0.00490 F:0.00453
8 ROUGE-3 Eval D1037-A.M.100.G.8 R:0.00000 P:0.00000 F:0.00000
8 ROUGE-3 Eval D1038-A.M.100.G.8 R:0.00405 P:0.00641 F:0.00496
8 ROUGE-3 Eval D1039-A.M.100.G.8 R:0.05063 P:0.05769 F:0.05393
8 ROUGE-3 Eval D1040-A.M.100.G.8 R:0.00441 P:0.00556 F:0.00492
8 ROUGE-3 Eval D1041-A.M.100.H.8 R:0.03252 P:0.03279 F:0.03265
8 ROUGE-3 Eval D1042-A.M.100.H.8 R:0.01395 P:0.01829 F:0.01583
8 ROUGE-3 Eval D1043-A.M.100.H.8 R:0.05263 P:0.07692 F:0.06250
8 ROUGE-3 Eval D1044-A.M.100.H.8 R:0.04803 P:0.05500 F:0.05128
8 ROUGE-3 Eval D1045-A.M.100.H.8 R:0.02033 P:0.02083 F:0.02058
8 ROUGE-3 Eval D1046-A.M.100.H.8 R:0.01626 P:0.01887 F:0.01747
---------------------------------------------
8 ROUGE-4 Average_R: 0.00522 ( 95%-conf.int. 0.00295 - 0.00801)
8 ROUGE-4 Average_P: 0.00644 ( 95%-conf.int. 0.00351 - 0.00997)
8 ROUGE-4 Average_F: 0.00574 ( 95%-conf.int. 0.00319 - 0.00882)
.............................................
8 ROUGE-4 Eval D1001-A.M.100.A.8 R:0.00000 P:0.00000 F:0.00000
8 ROUGE-4 Eval D1002-A.M.100.A.8 R:0.01762 P:0.02500 F:0.02067
8 ROUGE-4 Eval D1003-A.M.100.A.8 R:0.00000 P:0.00000 F:0.00000
8 ROUGE-4 Eval D1004-A.M.100.A.8 R:0.00000 P:0.00000 F:0.00000
8 ROUGE-4 Eval D1005-A.M.100.A.8 R:0.00000 P:0.00000 F:0.00000
8 ROUGE-4 Eval D1006-A.M.100.A.8 R:0.00000 P:0.00000 F:0.00000
8 ROUGE-4 Eval D1007-A.M.100.B.8 R:0.00000 P:0.00000 F:0.00000
8 ROUGE-4 Eval D1008-A.M.100.B.8 R:0.00000 P:0.00000 F:0.00000
8 ROUGE-4 Eval D1009-A.M.100.B.8 R:0.00467 P:0.00431 F:0.00448
8 ROUGE-4 Eval D1010-A.M.100.B.8 R:0.00000 P:0.00000 F:0.00000
8 ROUGE-4 Eval D1011-A.M.100.C.8 R:0.00000 P:0.00000 F:0.00000
8 ROUGE-4 Eval D1012-A.M.100.C.8 R:0.00000 P:0.00000 F:0.00000
8 ROUGE-4 Eval D1013-A.M.100.C.8 R:0.01688 P:0.02222 F:0.01919
8 ROUGE-4 Eval D1014-A.M.100.C.8 R:0.00000 P:0.00000 F:0.00000
8 ROUGE-4 Eval D1015-A.M.100.C.8 R:0.03162 P:0.03571 F:0.03354
8 ROUGE-4 Eval D1016-A.M.100.C.8 R:0.00474 P:0.00543 F:0.00506
8 ROUGE-4 Eval D1017-A.M.100.D.8 R:0.00000 P:0.00000 F:0.00000
8 ROUGE-4 Eval D1018-A.M.100.D.8 R:0.00000 P:0.00000 F:0.00000
8 ROUGE-4 Eval D1019-A.M.100.D.8 R:0.00000 P:0.00000 F:0.00000
8 ROUGE-4 Eval D1020-A.M.100.D.8 R:0.00435 P:0.00735 F:0.00547
8 ROUGE-4 Eval D1021-A.M.100.D.8 R:0.00000 P:0.00000 F:0.00000
8 ROUGE-4 Eval D1022-A.M.100.D.8 R:0.01762 P:0.02222 F:0.01965
8 ROUGE-4 Eval D1023-A.M.100.E.8 R:0.00000 P:0.00000 F:0.00000
8 ROUGE-4 Eval D1024-A.M.100.E.8 R:0.00000 P:0.00000 F:0.00000
8 ROUGE-4 Eval D1025-A.M.100.E.8 R:0.01869 P:0.02326 F:0.02073
8 ROUGE-4 Eval D1026-A.M.100.E.8 R:0.00450 P:0.00510 F:0.00478
8 ROUGE-4 Eval D1027-A.M.100.E.8 R:0.00417 P:0.00431 F:0.00424
8 ROUGE-4 Eval D1028-A.M.100.E.8 R:0.00439 P:0.00595 F:0.00505
8 ROUGE-4 Eval D1029-A.M.100.F.8 R:0.00000 P:0.00000 F:0.00000
8 ROUGE-4 Eval D1030-A.M.100.F.8 R:0.00000 P:0.00000 F:0.00000
8 ROUGE-4 Eval D1031-A.M.100.F.8 R:0.00000 P:0.00000 F:0.00000
8 ROUGE-4 Eval D1032-A.M.100.F.8 R:0.00000 P:0.00000 F:0.00000
8 ROUGE-4 Eval D1033-A.M.100.F.8 R:0.00435 P:0.00403 F:0.00418
8 ROUGE-4 Eval D1034-A.M.100.F.8 R:0.00433 P:0.00510 F:0.00468
8 ROUGE-4 Eval D1035-A.M.100.G.8 R:0.00000 P:0.00000 F:0.00000
8 ROUGE-4 Eval D1036-A.M.100.G.8 R:0.00000 P:0.00000 F:0.00000
8 ROUGE-4 Eval D1037-A.M.100.G.8 R:0.00000 P:0.00000 F:0.00000
8 ROUGE-4 Eval D1038-A.M.100.G.8 R:0.00000 P:0.00000 F:0.00000
8 ROUGE-4 Eval D1039-A.M.100.G.8 R:0.02146 P:0.02451 F:0.02288
8 ROUGE-4 Eval D1040-A.M.100.G.8 R:0.00000 P:0.00000 F:0.00000
8 ROUGE-4 Eval D1041-A.M.100.H.8 R:0.00413 P:0.00417 F:0.00415
8 ROUGE-4 Eval D1042-A.M.100.H.8 R:0.00000 P:0.00000 F:0.00000
8 ROUGE-4 Eval D1043-A.M.100.H.8 R:0.03571 P:0.05263 F:0.04255
8 ROUGE-4 Eval D1044-A.M.100.H.8 R:0.02222 P:0.02551 F:0.02375
8 ROUGE-4 Eval D1045-A.M.100.H.8 R:0.01240 P:0.01271 F:0.01255
8 ROUGE-4 Eval D1046-A.M.100.H.8 R:0.00413 P:0.00481 F:0.00444
