---------------------------------------------
8 ROUGE-1 Average_R: 0.22373 ( 95%-conf.int. 0.20351 - 0.24360)
8 ROUGE-1 Average_P: 0.28826 ( 95%-conf.int. 0.26543 - 0.31009)
8 ROUGE-1 Average_F: 0.25018 ( 95%-conf.int. 0.22994 - 0.26998)
.............................................
8 ROUGE-1 Eval D1001-A.M.100.A.8 R:0.20576 P:0.22321 F:0.21413
8 ROUGE-1 Eval D1002-A.M.100.A.8 R:0.28033 P:0.35638 F:0.31381
8 ROUGE-1 Eval D1003-A.M.100.A.8 R:0.14719 P:0.18478 F:0.16386
8 ROUGE-1 Eval D1004-A.M.100.A.8 R:0.23554 P:0.34756 F:0.28079
8 ROUGE-1 Eval D1005-A.M.100.A.8 R:0.23770 P:0.39189 F:0.29591
8 ROUGE-1 Eval D1006-A.M.100.A.8 R:0.27586 P:0.36735 F:0.31510
8 ROUGE-1 Eval D1007-A.M.100.B.8 R:0.22222 P:0.24510 F:0.23310
8 ROUGE-1 Eval D1008-A.M.100.B.8 R:0.18952 P:0.25000 F:0.21560
8 ROUGE-1 Eval D1009-A.M.100.B.8 R:0.27876 P:0.29717 F:0.28767
8 ROUGE-1 Eval D1010-A.M.100.B.8 R:0.31200 P:0.34211 F:0.32636
8 ROUGE-1 Eval D1011-A.M.100.C.8 R:0.20259 P:0.30921 F:0.24479
8 ROUGE-1 Eval D1012-A.M.100.C.8 R:0.11382 P:0.29167 F:0.16374
8 ROUGE-1 Eval D1013-A.M.100.C.8 R:0.18072 P:0.22059 F:0.19867
8 ROUGE-1 Eval D1014-A.M.100.C.8 R:0.14644 P:0.16827 F:0.15660
8 ROUGE-1 Eval D1015-A.M.100.C.8 R:0.27925 P:0.35577 F:0.31290
8 ROUGE-1 Eval D1016-A.M.100.C.8 R:0.35426 P:0.41146 F:0.38072
8 ROUGE-1 Eval D1017-A.M.100.D.8 R:0.24490 P:0.32609 F:0.27972
8 ROUGE-1 Eval D1018-A.M.100.D.8 R:0.25941 P:0.36047 F:0.30170
8 ROUGE-1 Eval D1019-A.M.100.D.8 R:0.25417 P:0.35465 F:0.29612
8 ROUGE-1 Eval D1020-A.M.100.D.8 R:0.16529 P:0.26316 F:0.20305
8 ROUGE-1 Eval D1021-A.M.100.D.8 R:0.12288 P:0.15426 F:0.13679
8 ROUGE-1 Eval D1022-A.M.100.D.8 R:0.28870 P:0.36702 F:0.32318
8 ROUGE-1 Eval D1023-A.M.100.E.8 R:0.18182 P:0.20370 F:0.19214
8 ROUGE-1 Eval D1024-A.M.100.E.8 R:0.15000 P:0.21951 F:0.17822
8 ROUGE-1 Eval D1025-A.M.100.E.8 R:0.24779 P:0.28000 F:0.26291
8 ROUGE-1 Eval D1026-A.M.100.E.8 R:0.14103 P:0.21154 F:0.16923
8 ROUGE-1 Eval D1027-A.M.100.E.8 R:0.37698 P:0.42411 F:0.39916
8 ROUGE-1 Eval D1028-A.M.100.E.8 R:0.26667 P:0.42105 F:0.32653
8 ROUGE-1 Eval D1029-A.M.100.F.8 R:0.19167 P:0.27381 F:0.22549
8 ROUGE-1 Eval D1030-A.M.100.F.8 R:0.12698 P:0.20000 F:0.15534
8 ROUGE-1 Eval D1031-A.M.100.F.8 R:0.18776 P:0.25000 F:0.21446
8 ROUGE-1 Eval D1032-A.M.100.F.8 R:0.25954 P:0.34000 F:0.29437
8 ROUGE-1 Eval D1033-A.M.100.F.8 R:0.33058 P:0.30303 F:0.31621
8 ROUGE-1 Eval D1034-A.M.100.F.8 R:0.09053 P:0.11702 F:0.10208
8 ROUGE-1 Eval D1035-A.M.100.G.8 R:0.22764 P:0.30435 F:0.26046
8 ROUGE-1 Eval D1036-A.M.100.G.8 R:0.24490 P:0.24194 F:0.24341
8 ROUGE-1 Eval D1037-A.M.100.G.8 R:0.26389 P:0.29688 F:0.27941
8 ROUGE-1 Eval D1038-A.M.100.G.8 R:0.18039 P:0.32857 F:0.23291
8 ROUGE-1 Eval D1039-A.M.100.G.8 R:0.31429 P:0.43750 F:0.36580
8 ROUGE-1 Eval D1040-A.M.100.G.8 R:0.18298 P:0.25595 F:0.21340
8 ROUGE-1 Eval D1041-A.M.100.H.8 R:0.14567 P:0.23718 F:0.18049
8 ROUGE-1 Eval D1042-A.M.100.H.8 R:0.20628 P:0.23469 F:0.21957
8 ROUGE-1 Eval D1043-A.M.100.H.8 R:0.27119 P:0.32653 F:0.29630
8 ROUGE-1 Eval D1044-A.M.100.H.8 R:0.19409 P:0.23469 F:0.21247
8 ROUGE-1 Eval D1045-A.M.100.H.8 R:0.32283 P:0.33065 F:0.32669
8 ROUGE-1 Eval D1046-A.M.100.H.8 R:0.18110 P:0.20909 F:0.19409
---------------------------------------------
8 ROUGE-2 Average_R: 0.05540 ( 95%-conf.int. 0.04607 - 0.06549)
8 ROUGE-2 Average_P: 0.07095 ( 95%-conf.int. 0.05947 - 0.08270)
8 ROUGE-2 Average_F: 0.06182 ( 95%-conf.int. 0.05184 - 0.07226)
.............................................
8 ROUGE-2 Eval D1001-A.M.100.A.8 R:0.05439 P:0.05909 F:0.05664
8 ROUGE-2 Eval D1002-A.M.100.A.8 R:0.11064 P:0.14130 F:0.12410
8 ROUGE-2 Eval D1003-A.M.100.A.8 R:0.02643 P:0.03333 F:0.02948
8 ROUGE-2 Eval D1004-A.M.100.A.8 R:0.06723 P:0.10000 F:0.08040
8 ROUGE-2 Eval D1005-A.M.100.A.8 R:0.03750 P:0.06250 F:0.04687
8 ROUGE-2 Eval D1006-A.M.100.A.8 R:0.08171 P:0.10938 F:0.09354
8 ROUGE-2 Eval D1007-A.M.100.B.8 R:0.05430 P:0.06000 F:0.05701
8 ROUGE-2 Eval D1008-A.M.100.B.8 R:0.03279 P:0.04348 F:0.03739
8 ROUGE-2 Eval D1009-A.M.100.B.8 R:0.06757 P:0.07212 F:0.06977
8 ROUGE-2 Eval D1010-A.M.100.B.8 R:0.10569 P:0.11607 F:0.11064
8 ROUGE-2 Eval D1011-A.M.100.C.8 R:0.06140 P:0.09459 F:0.07446
8 ROUGE-2 Eval D1012-A.M.100.C.8 R:0.01240 P:0.03261 F:0.01797
8 ROUGE-2 Eval D1013-A.M.100.C.8 R:0.05306 P:0.06500 F:0.05843
8 ROUGE-2 Eval D1014-A.M.100.C.8 R:0.00851 P:0.00980 F:0.00911
8 ROUGE-2 Eval D1015-A.M.100.C.8 R:0.09962 P:0.12745 F:0.11183
8 ROUGE-2 Eval D1016-A.M.100.C.8 R:0.09589 P:0.11170 F:0.10319
8 ROUGE-2 Eval D1017-A.M.100.D.8 R:0.05394 P:0.07222 F:0.06176
8 ROUGE-2 Eval D1018-A.M.100.D.8 R:0.07660 P:0.10714 F:0.08933
8 ROUGE-2 Eval D1019-A.M.100.D.8 R:0.08475 P:0.11905 F:0.09901
8 ROUGE-2 Eval D1020-A.M.100.D.8 R:0.02941 P:0.04730 F:0.03627
8 ROUGE-2 Eval D1021-A.M.100.D.8 R:0.00862 P:0.01087 F:0.00962
8 ROUGE-2 Eval D1022-A.M.100.D.8 R:0.07234 P:0.09239 F:0.08114
8 ROUGE-2 Eval D1023-A.M.100.E.8 R:0.00420 P:0.00472 F:0.00444
8 ROUGE-2 Eval D1024-A.M.100.E.8 R:0.03390 P:0.05000 F:0.04041
8 ROUGE-2 Eval D1025-A.M.100.E.8 R:0.04955 P:0.05612 F:0.05263
8 ROUGE-2 Eval D1026-A.M.100.E.8 R:0.02609 P:0.03947 F:0.03141
8 ROUGE-2 Eval D1027-A.M.100.E.8 R:0.11290 P:0.12727 F:0.11966
8 ROUGE-2 Eval D1028-A.M.100.E.8 R:0.07627 P:0.12162 F:0.09375
8 ROUGE-2 Eval D1029-A.M.100.F.8 R:0.02119 P:0.03049 F:0.02500
8 ROUGE-2 Eval D1030-A.M.100.F.8 R:0.01210 P:0.01923 F:0.01485
8 ROUGE-2 Eval D1031-A.M.100.F.8 R:0.02075 P:0.02778 F:0.02376
8 ROUGE-2 Eval D1032-A.M.100.F.8 R:0.06202 P:0.08163 F:0.07049
8 ROUGE-2 Eval D1033-A.M.100.F.8 R:0.12185 P:0.11154 F:0.11647
8 ROUGE-2 Eval D1034-A.M.100.F.8 R:0.01255 P:0.01630 F:0.01418
8 ROUGE-2 Eval D1035-A.M.100.G.8 R:0.04545 P:0.06111 F:0.05213
8 ROUGE-2 Eval D1036-A.M.100.G.8 R:0.04149 P:0.04098 F:0.04123
8 ROUGE-2 Eval D1037-A.M.100.G.8 R:0.06132 P:0.06915 F:0.06500
8 ROUGE-2 Eval D1038-A.M.100.G.8 R:0.03984 P:0.07353 F:0.05168
8 ROUGE-2 Eval D1039-A.M.100.G.8 R:0.11618 P:0.16279 F:0.13559
8 ROUGE-2 Eval D1040-A.M.100.G.8 R:0.02597 P:0.03659 F:0.03038
8 ROUGE-2 Eval D1041-A.M.100.H.8 R:0.05200 P:0.08553 F:0.06468
8 ROUGE-2 Eval D1042-A.M.100.H.8 R:0.08219 P:0.09375 F:0.08759
8 ROUGE-2 Eval D1043-A.M.100.H.8 R:0.11207 P:0.13542 F:0.12264
8 ROUGE-2 Eval D1044-A.M.100.H.8 R:0.03004 P:0.03646 F:0.03294
8 ROUGE-2 Eval D1045-A.M.100.H.8 R:0.07600 P:0.07787 F:0.07692
8 ROUGE-2 Eval D1046-A.M.100.H.8 R:0.02000 P:0.02315 F:0.02146
---------------------------------------------
8 ROUGE-3 Average_R: 0.01739 ( 95%-conf.int. 0.01182 - 0.02342)
8 ROUGE-3 Average_P: 0.02199 ( 95%-conf.int. 0.01551 - 0.02936)
8 ROUGE-3 Average_F: 0.01931 ( 95%-conf.int. 0.01334 - 0.02590)
.............................................
8 ROUGE-3 Eval D1001-A.M.100.A.8 R:0.01702 P:0.01852 F:0.01774
8 ROUGE-3 Eval D1002-A.M.100.A.8 R:0.04329 P:0.05556 F:0.04866
8 ROUGE-3 Eval D1003-A.M.100.A.8 R:0.00000 P:0.00000 F:0.00000
8 ROUGE-3 Eval D1004-A.M.100.A.8 R:0.02991 P:0.04487 F:0.03589
8 ROUGE-3 Eval D1005-A.M.100.A.8 R:0.01271 P:0.02143 F:0.01596
8 ROUGE-3 Eval D1006-A.M.100.A.8 R:0.03953 P:0.05319 F:0.04535
8 ROUGE-3 Eval D1007-A.M.100.B.8 R:0.01382 P:0.01531 F:0.01453
8 ROUGE-3 Eval D1008-A.M.100.B.8 R:0.00417 P:0.00556 F:0.00477
8 ROUGE-3 Eval D1009-A.M.100.B.8 R:0.00000 P:0.00000 F:0.00000
8 ROUGE-3 Eval D1010-A.M.100.B.8 R:0.06612 P:0.07273 F:0.06927
8 ROUGE-3 Eval D1011-A.M.100.C.8 R:0.01339 P:0.02083 F:0.01630
8 ROUGE-3 Eval D1012-A.M.100.C.8 R:0.00000 P:0.00000 F:0.00000
8 ROUGE-3 Eval D1013-A.M.100.C.8 R:0.00830 P:0.01020 F:0.00915
8 ROUGE-3 Eval D1014-A.M.100.C.8 R:0.00000 P:0.00000 F:0.00000
8 ROUGE-3 Eval D1015-A.M.100.C.8 R:0.05058 P:0.06500 F:0.05689
8 ROUGE-3 Eval D1016-A.M.100.C.8 R:0.03256 P:0.03804 F:0.03509
8 ROUGE-3 Eval D1017-A.M.100.D.8 R:0.00844 P:0.01136 F:0.00968
8 ROUGE-3 Eval D1018-A.M.100.D.8 R:0.03463 P:0.04878 F:0.04050
8 ROUGE-3 Eval D1019-A.M.100.D.8 R:0.04741 P:0.06707 F:0.05555
8 ROUGE-3 Eval D1020-A.M.100.D.8 R:0.00000 P:0.00000 F:0.00000
8 ROUGE-3 Eval D1021-A.M.100.D.8 R:0.00439 P:0.00556 F:0.00491
8 ROUGE-3 Eval D1022-A.M.100.D.8 R:0.03896 P:0.05000 F:0.04379
8 ROUGE-3 Eval D1023-A.M.100.E.8 R:0.00000 P:0.00000 F:0.00000
8 ROUGE-3 Eval D1024-A.M.100.E.8 R:0.00000 P:0.00000 F:0.00000
8 ROUGE-3 Eval D1025-A.M.100.E.8 R:0.01376 P:0.01562 F:0.01463
8 ROUGE-3 Eval D1026-A.M.100.E.8 R:0.00000 P:0.00000 F:0.00000
8 ROUGE-3 Eval D1027-A.M.100.E.8 R:0.01230 P:0.01389 F:0.01305
8 ROUGE-3 Eval D1028-A.M.100.E.8 R:0.02155 P:0.03472 F:0.02659
8 ROUGE-3 Eval D1029-A.M.100.F.8 R:0.00000 P:0.00000 F:0.00000
8 ROUGE-3 Eval D1030-A.M.100.F.8 R:0.00000 P:0.00000 F:0.00000
8 ROUGE-3 Eval D1031-A.M.100.F.8 R:0.00000 P:0.00000 F:0.00000
8 ROUGE-3 Eval D1032-A.M.100.F.8 R:0.01575 P:0.02083 F:0.01794
8 ROUGE-3 Eval D1033-A.M.100.F.8 R:0.06838 P:0.06250 F:0.06531
8 ROUGE-3 Eval D1034-A.M.100.F.8 R:0.00000 P:0.00000 F:0.00000
8 ROUGE-3 Eval D1035-A.M.100.G.8 R:0.00000 P:0.00000 F:0.00000
8 ROUGE-3 Eval D1036-A.M.100.G.8 R:0.00844 P:0.00833 F:0.00838
8 ROUGE-3 Eval D1037-A.M.100.G.8 R:0.00481 P:0.00543 F:0.00510
8 ROUGE-3 Eval D1038-A.M.100.G.8 R:0.01215 P:0.02273 F:0.01584
8 ROUGE-3 Eval D1039-A.M.100.G.8 R:0.03797 P:0.05357 F:0.04444
8 ROUGE-3 Eval D1040-A.M.100.G.8 R:0.00881 P:0.01250 F:0.01034
8 ROUGE-3 Eval D1041-A.M.100.H.8 R:0.01220 P:0.02027 F:0.01523
8 ROUGE-3 Eval D1042-A.M.100.H.8 R:0.02326 P:0.02660 F:0.02482
8 ROUGE-3 Eval D1043-A.M.100.H.8 R:0.07895 P:0.09574 F:0.08654
8 ROUGE-3 Eval D1044-A.M.100.H.8 R:0.00000 P:0.00000 F:0.00000
8 ROUGE-3 Eval D1045-A.M.100.H.8 R:0.02033 P:0.02083 F:0.02058
8 ROUGE-3 Eval D1046-A.M.100.H.8 R:0.00000 P:0.00000 F:0.00000
---------------------------------------------
8 ROUGE-4 Average_R: 0.00709 ( 95%-conf.int. 0.00375 - 0.01128)
8 ROUGE-4 Average_P: 0.00866 ( 95%-conf.int. 0.00466 - 0.01355)
8 ROUGE-4 Average_F: 0.00776 ( 95%-conf.int. 0.00415 - 0.01218)
.............................................
8 ROUGE-4 Eval D1001-A.M.100.A.8 R:0.00000 P:0.00000 F:0.00000
8 ROUGE-4 Eval D1002-A.M.100.A.8 R:0.01762 P:0.02273 F:0.01985
8 ROUGE-4 Eval D1003-A.M.100.A.8 R:0.00000 P:0.00000 F:0.00000
8 ROUGE-4 Eval D1004-A.M.100.A.8 R:0.01304 P:0.01974 F:0.01571
8 ROUGE-4 Eval D1005-A.M.100.A.8 R:0.00000 P:0.00000 F:0.00000
8 ROUGE-4 Eval D1006-A.M.100.A.8 R:0.01606 P:0.02174 F:0.01847
8 ROUGE-4 Eval D1007-A.M.100.B.8 R:0.00469 P:0.00521 F:0.00494
8 ROUGE-4 Eval D1008-A.M.100.B.8 R:0.00000 P:0.00000 F:0.00000
8 ROUGE-4 Eval D1009-A.M.100.B.8 R:0.00000 P:0.00000 F:0.00000
8 ROUGE-4 Eval D1010-A.M.100.B.8 R:0.04622 P:0.05093 F:0.04846
8 ROUGE-4 Eval D1011-A.M.100.C.8 R:0.00000 P:0.00000 F:0.00000
8 ROUGE-4 Eval D1012-A.M.100.C.8 R:0.00000 P:0.00000 F:0.00000
8 ROUGE-4 Eval D1013-A.M.100.C.8 R:0.00000 P:0.00000 F:0.00000
8 ROUGE-4 Eval D1014-A.M.100.C.8 R:0.00000 P:0.00000 F:0.00000
8 ROUGE-4 Eval D1015-A.M.100.C.8 R:0.03162 P:0.04082 F:0.03564
8 ROUGE-4 Eval D1016-A.M.100.C.8 R:0.00948 P:0.01111 F:0.01023
8 ROUGE-4 Eval D1017-A.M.100.D.8 R:0.00000 P:0.00000 F:0.00000
8 ROUGE-4 Eval D1018-A.M.100.D.8 R:0.00881 P:0.01250 F:0.01034
8 ROUGE-4 Eval D1019-A.M.100.D.8 R:0.03070 P:0.04375 F:0.03608
8 ROUGE-4 Eval D1020-A.M.100.D.8 R:0.00000 P:0.00000 F:0.00000
8 ROUGE-4 Eval D1021-A.M.100.D.8 R:0.00000 P:0.00000 F:0.00000
8 ROUGE-4 Eval D1022-A.M.100.D.8 R:0.02203 P:0.02841 F:0.02482
8 ROUGE-4 Eval D1023-A.M.100.E.8 R:0.00000 P:0.00000 F:0.00000
8 ROUGE-4 Eval D1024-A.M.100.E.8 R:0.00000 P:0.00000 F:0.00000
8 ROUGE-4 Eval D1025-A.M.100.E.8 R:0.00000 P:0.00000 F:0.00000
8 ROUGE-4 Eval D1026-A.M.100.E.8 R:0.00000 P:0.00000 F:0.00000
8 ROUGE-4 Eval D1027-A.M.100.E.8 R:0.00000 P:0.00000 F:0.00000
8 ROUGE-4 Eval D1028-A.M.100.E.8 R:0.00000 P:0.00000 F:0.00000
8 ROUGE-4 Eval D1029-A.M.100.F.8 R:0.00000 P:0.00000 F:0.00000
8 ROUGE-4 Eval D1030-A.M.100.F.8 R:0.00000 P:0.00000 F:0.00000
8 ROUGE-4 Eval D1031-A.M.100.F.8 R:0.00000 P:0.00000 F:0.00000
8 ROUGE-4 Eval D1032-A.M.100.F.8 R:0.00400 P:0.00532 F:0.00457
8 ROUGE-4 Eval D1033-A.M.100.F.8 R:0.03478 P:0.03175 F:0.03320
8 ROUGE-4 Eval D1034-A.M.100.F.8 R:0.00000 P:0.00000 F:0.00000
8 ROUGE-4 Eval D1035-A.M.100.G.8 R:0.00000 P:0.00000 F:0.00000
8 ROUGE-4 Eval D1036-A.M.100.G.8 R:0.00000 P:0.00000 F:0.00000
8 ROUGE-4 Eval D1037-A.M.100.G.8 R:0.00000 P:0.00000 F:0.00000
8 ROUGE-4 Eval D1038-A.M.100.G.8 R:0.00000 P:0.00000 F:0.00000
8 ROUGE-4 Eval D1039-A.M.100.G.8 R:0.00858 P:0.01220 F:0.01007
8 ROUGE-4 Eval D1040-A.M.100.G.8 R:0.00000 P:0.00000 F:0.00000
8 ROUGE-4 Eval D1041-A.M.100.H.8 R:0.00000 P:0.00000 F:0.00000
8 ROUGE-4 Eval D1042-A.M.100.H.8 R:0.00948 P:0.01087 F:0.01013
8 ROUGE-4 Eval D1043-A.M.100.H.8 R:0.05804 P:0.07065 F:0.06373
8 ROUGE-4 Eval D1044-A.M.100.H.8 R:0.00000 P:0.00000 F:0.00000
8 ROUGE-4 Eval D1045-A.M.100.H.8 R:0.01240 P:0.01271 F:0.01255
8 ROUGE-4 Eval D1046-A.M.100.H.8 R:0.00000 P:0.00000 F:0.00000
