000 (104223.000.000) 05/27 14:47:14 Job submitted from host: <192.168.100.50:9618?addrs=192.168.100.50-9618&noUDP&sock=3614359_3915_3>
...
001 (104223.000.000) 05/27 14:47:59 Job executing on host: <192.168.100.53:9618?addrs=192.168.100.53-9618&noUDP&sock=5356_5956_4>
...
006 (104223.000.000) 05/27 14:48:07 Image size of job updated: 37304
	29  -  MemoryUsage of job (MB)
	29492  -  ResidentSetSize of job (KB)
...
006 (104223.000.000) 05/27 14:48:10 Image size of job updated: 50400
	29  -  MemoryUsage of job (MB)
	29492  -  ResidentSetSize of job (KB)
...
005 (104223.000.000) 05/27 14:48:10 Job terminated.
	(1) Normal termination (return value 0)
		Usr 0 00:00:03, Sys 0 00:00:00  -  Run Remote Usage
		Usr 0 00:00:00, Sys 0 00:00:00  -  Run Local Usage
		Usr 0 00:00:03, Sys 0 00:00:00  -  Total Remote Usage
		Usr 0 00:00:00, Sys 0 00:00:00  -  Total Local Usage
	0  -  Run Bytes Sent By Job
	0  -  Run Bytes Received By Job
	0  -  Total Bytes Sent By Job
	0  -  Total Bytes Received By Job
	Partitionable Resources :    Usage  Request Allocated
	   Cpus                 :                 1         1
	   Disk (KB)            :        1        1   2017883
	   Memory (MB)          :       29        1         1
...
000 (104225.000.000) 05/27 14:57:01 Job submitted from host: <192.168.100.50:9618?addrs=192.168.100.50-9618&noUDP&sock=3614359_3915_3>
...
001 (104225.000.000) 05/27 14:57:10 Job executing on host: <192.168.100.52:9618?addrs=192.168.100.52-9618&noUDP&sock=4536_e5ae_4>
...
006 (104225.000.000) 05/27 14:57:19 Image size of job updated: 133440
	119  -  MemoryUsage of job (MB)
	121832  -  ResidentSetSize of job (KB)
...
006 (104225.000.000) 05/27 15:00:46 Image size of job updated: 227292
	120  -  MemoryUsage of job (MB)
	122500  -  ResidentSetSize of job (KB)
...
005 (104225.000.000) 05/27 15:00:46 Job terminated.
	(1) Normal termination (return value 0)
		Usr 0 00:03:23, Sys 0 00:00:09  -  Run Remote Usage
		Usr 0 00:00:00, Sys 0 00:00:00  -  Run Local Usage
		Usr 0 00:03:23, Sys 0 00:00:09  -  Total Remote Usage
		Usr 0 00:00:00, Sys 0 00:00:00  -  Total Local Usage
	0  -  Run Bytes Sent By Job
	0  -  Run Bytes Received By Job
	0  -  Total Bytes Sent By Job
	0  -  Total Bytes Received By Job
	Partitionable Resources :    Usage  Request Allocated
	   Cpus                 :                 1         1
	   Disk (KB)            :        1        1    604438
	   Memory (MB)          :      120        1         1
...
000 (104226.000.000) 05/27 15:16:27 Job submitted from host: <192.168.100.50:9618?addrs=192.168.100.50-9618&noUDP&sock=3614359_3915_3>
...
001 (104226.000.000) 05/27 15:16:30 Job executing on host: <192.168.100.53:9618?addrs=192.168.100.53-9618&noUDP&sock=5356_5956_4>
...
006 (104226.000.000) 05/27 15:16:38 Image size of job updated: 209356
	204  -  MemoryUsage of job (MB)
	208420  -  ResidentSetSize of job (KB)
...
006 (104226.000.000) 05/27 15:20:31 Image size of job updated: 821120
	204  -  MemoryUsage of job (MB)
	208420  -  ResidentSetSize of job (KB)
...
005 (104226.000.000) 05/27 15:20:31 Job terminated.
	(1) Normal termination (return value 0)
		Usr 0 00:03:48, Sys 0 00:00:12  -  Run Remote Usage
		Usr 0 00:00:00, Sys 0 00:00:00  -  Run Local Usage
		Usr 0 00:03:48, Sys 0 00:00:12  -  Total Remote Usage
		Usr 0 00:00:00, Sys 0 00:00:00  -  Total Local Usage
	0  -  Run Bytes Sent By Job
	0  -  Run Bytes Received By Job
	0  -  Total Bytes Sent By Job
	0  -  Total Bytes Received By Job
	Partitionable Resources :    Usage  Request Allocated
	   Cpus                 :                 1         1
	   Disk (KB)            :        1        1   2017883
	   Memory (MB)          :      204        1         1
...
000 (104293.000.000) 05/28 14:00:02 Job submitted from host: <192.168.100.50:9618?addrs=192.168.100.50-9618&noUDP&sock=3614359_3915_3>
...
001 (104293.000.000) 05/28 14:00:02 Job executing on host: <192.168.100.53:9618?addrs=192.168.100.53-9618&noUDP&sock=5356_5956_4>
...
006 (104293.000.000) 05/28 14:00:11 Image size of job updated: 201588
	197  -  MemoryUsage of job (MB)
	201588  -  ResidentSetSize of job (KB)
...
006 (104293.000.000) 05/28 14:03:33 Image size of job updated: 215152
	197  -  MemoryUsage of job (MB)
	201588  -  ResidentSetSize of job (KB)
...
005 (104293.000.000) 05/28 14:03:33 Job terminated.
	(1) Normal termination (return value 0)
		Usr 0 00:03:17, Sys 0 00:00:13  -  Run Remote Usage
		Usr 0 00:00:00, Sys 0 00:00:00  -  Run Local Usage
		Usr 0 00:03:17, Sys 0 00:00:13  -  Total Remote Usage
		Usr 0 00:00:00, Sys 0 00:00:00  -  Total Local Usage
	0  -  Run Bytes Sent By Job
	0  -  Run Bytes Received By Job
	0  -  Total Bytes Sent By Job
	0  -  Total Bytes Received By Job
	Partitionable Resources :    Usage  Request Allocated
	   Cpus                 :                 1         1
	   Disk (KB)            :        1        1   2017883
	   Memory (MB)          :      197        1         1
...
